{"time":"2024-4-17 0:22:42:631","lib":"Foundation","func":"NSClassFromString","args":["FIRMessaging"]}
{"time":"2024-4-17 0:22:42:632","lib":"Foundation","func":"NSClassFromString","args":["FIRMessaging"]}
{"time":"2024-4-17 0:22:42:633","lib":"Foundation","func":"NSSelectorFromString","args":["FIRMessagingSDKCurrentLocale"]}
{"time":"2024-4-17 0:22:42:712","lib":"libcommonCrypto.dylib","func":"CC_MD5","args":["MGCopyAnswerProductVersion","26","\u0001"]}
{"time":"2024-4-17 0:22:42:713","lib":"Foundation","func":"NSClassFromString","args":["FIRMessaging"]}
{"time":"2024-4-17 0:22:42:714","lib":"Foundation","func":"NSSelectorFromString","args":["FIRMessagingSDKCurrentLocale"]}
{"time":"2024-4-17 0:22:42:781","lib":"Infoplist","func":"CFBundleURLTypes","args":"defbank://"}
{"time":"2024-4-17 0:22:43:243","lib":"libcommonCrypto.dylib","func":"CC_MD5","args":["MGCopyAnswerDeviceClass","23",""]}
{"time":"2024-4-17 0:22:43:723","lib":"Foundation","func":"CFNotificationCenterAddObserver","args":["0x1a20c6ef859","0x1a20c6ef859","0xa90457f6d101c3ff","0x20a2b0fd8",null,"0x4"]}
{"time":"2024-4-17 0:22:44:246","lib":"libcommonCrypto.dylib","func":"CC_MD5","args":["MGCopyAnswerDeviceClass","23",""]}
{"time":"2024-4-17 0:22:44:764","lib":"Foundation","func":"CFNotificationCenterAddObserver","args":["0x1a20c6ef859","0x1a20c6ef859","0xa90457f6d101c3ff","0x20a2b0fd8",null,"0x4"]}
{"time":"2024-4-17 0:22:44:797","lib":"Foundation","func":"NSClassFromString","args":["UIButton"]}
{"time":"2024-4-17 0:22:44:872","lib":"Foundation","func":"NSClassFromString","args":["_UIButtonBarButton"]}
{"time":"2024-4-17 0:22:44:946","lib":"Foundation","func":"NSClassFromString","args":["UITabBarButton"]}
{"time":"2024-4-17 0:22:45:20","lib":"Foundation","func":"NSClassFromString","args":["UIToolbarButton"]}
{"time":"2024-4-17 0:22:45:93","lib":"Foundation","func":"NSClassFromString","args":["UITableViewCellDetailDisclosureView"]}
{"time":"2024-4-17 0:22:45:167","lib":"Foundation","func":"NSClassFromString","args":["UITableViewCellEditControl"]}
{"time":"2024-4-17 0:22:45:241","lib":"Foundation","func":"NSClassFromString","args":["UIPrinterSetupPINView"]}
{"time":"2024-4-17 0:22:45:314","lib":"Foundation","func":"NSClassFromString","args":["UITableViewCellReorderControl"]}
{"time":"2024-4-17 0:22:45:388","lib":"Foundation","func":"NSClassFromString","args":["UITableViewCellReorderControl"]}
{"time":"2024-4-17 0:22:45:461","lib":"Foundation","func":"NSClassFromString","args":["_UIActionSlider"]}
{"time":"2024-4-17 0:22:45:534","lib":"Foundation","func":"NSClassFromString","args":["UIStepper"]}
{"time":"2024-4-17 0:22:45:608","lib":"Foundation","func":"NSClassFromString","args":["UIPageControl"]}
{"time":"2024-4-17 0:22:45:681","lib":"Foundation","func":"NSClassFromString","args":["UITableViewIndex"]}
{"time":"2024-4-17 0:22:45:754","lib":"Foundation","func":"NSClassFromString","args":["UIPickerView"]}
{"time":"2024-4-17 0:22:45:830","lib":"Foundation","func":"NSClassFromString","args":["UISwitch"]}
{"time":"2024-4-17 0:22:45:904","lib":"Foundation","func":"NSClassFromString","args":["UISegmentedControl"]}
{"time":"2024-4-17 0:22:45:978","lib":"Foundation","func":"NSClassFromString","args":["UISlider"]}
{"time":"2024-4-17 0:22:46:51","lib":"Foundation","func":"NSClassFromString","args":["UIMovieScrubber"]}
{"time":"2024-4-17 0:22:46:197","lib":"Foundation","func":"NSStringFromSelector","args":["setBackgroundColor:"]}
{"time":"2024-4-17 0:22:46:342","lib":"Foundation","func":"NSStringFromSelector","args":["setBackgroundColor:"]}
{"time":"2024-4-17 0:22:46:486","lib":"Foundation","func":"NSStringFromSelector","args":["setBackgroundColor:"]}
{"time":"2024-4-17 0:22:46:631","lib":"Foundation","func":"NSSelectorFromString","args":["_UIAppearance_setBackgroundColor:"]}
{"time":"2024-4-17 0:22:46:778","lib":"Foundation","func":"NSStringFromSelector","args":["setBackgroundColor:"]}
{"time":"2024-4-17 0:22:46:928","lib":"Foundation","func":"NSStringFromSelector","args":["setBackgroundColor:"]}
{"time":"2024-4-17 0:22:47:83","lib":"Foundation","func":"NSSelectorFromString","args":["_UIAppearance_setBackgroundColor:"]}
{"time":"2024-4-17 0:22:47:232","lib":"Foundation","func":"NSStringFromSelector","args":["setBackgroundColor:"]}
{"time":"2024-4-17 0:22:47:381","lib":"Foundation","func":"NSStringFromSelector","args":["setBackgroundColor:"]}
{"time":"2024-4-17 0:22:47:526","lib":"Foundation","func":"NSStringFromSelector","args":["setBackgroundColor:"]}
{"time":"2024-4-17 0:22:47:670","lib":"Foundation","func":"NSStringFromSelector","args":["setBackgroundColor:"]}
{"time":"2024-4-17 0:22:47:815","lib":"Foundation","func":"NSSelectorFromString","args":["_UIAppearance_setBackgroundColor:"]}
{"time":"2024-4-17 0:22:47:960","lib":"Foundation","func":"NSStringFromSelector","args":["setBackgroundColor:"]}
{"time":"2024-4-17 0:22:48:104","lib":"Foundation","func":"NSStringFromSelector","args":["setBackgroundColor:"]}
{"time":"2024-4-17 0:22:48:249","lib":"Foundation","func":"NSSelectorFromString","args":["_UIAppearance_setBackgroundColor:"]}
{"time":"2024-4-17 0:22:48:396","lib":"Foundation","func":"NSStringFromSelector","args":["setBackgroundColor:"]}
{"time":"2024-4-17 0:22:48:546","lib":"libSystem.B.dylib","func":"open","args":["/private/var/containers/Bundle/Application/5B76169E-EBF2-4951-B12E-D24D28BD9F50/DefenceBank.app/Registration.storyboardc/Info-8.0+.plist","0x0"]}
{"time":"2024-4-17 0:22:48:693","lib":"libSystem.B.dylib","func":"open","args":["/private/var/containers/Bundle/Application/5B76169E-EBF2-4951-B12E-D24D28BD9F50/DefenceBank.app/Registration.storyboardc/Info.plist","0x0"]}
{"time":"2024-4-17 0:22:48:842","lib":"NSNotificationCenter","func":"- addObserver:selector:name:object:","args":["0x3c85a20c6f8939","addObserver:selector:name:object:","0x1a20c722cad","didReceiveMemoryWarning:","0x20a2b0fd8","0x65a10b8b0d77"]}
{"time":"2024-4-17 0:22:48:916","lib":"libSystem.B.dylib","func":"open","args":["/private/var/containers/Bundle/Application/5B76169E-EBF2-4951-B12E-D24D28BD9F50/DefenceBank.app/Registration.storyboardc/Register.nib","0x0"]}
{"time":"2024-4-17 0:22:48:999","lib":"Foundation","func":"NSClassFromString","args":["_TtC11DefenceBank22RegisterViewController"]}
{"time":"2024-4-17 0:22:49:74","lib":"Foundation","func":"NSClassFromString","args":["UIViewController"]}
{"time":"2024-4-17 0:22:49:334","lib":"Foundation","func":"NSClassFromString","args":["_TtC11DefenceBank57RegisterViewControllerForgotPasswordHandlerSingletonProxy"]}
{"time":"2024-4-17 0:22:49:595","lib":"Foundation","func":"NSClassFromString","args":["UICustomObject"]}
{"time":"2024-4-17 0:22:49:857","lib":"Foundation","func":"NSClassFromString","args":["_TtC11DefenceBank20DefaultUserRegistrar"]}
{"time":"2024-4-17 0:22:50:200","lib":"Foundation","func":"NSClassFromString","args":["UICustomObject"]}
{"time":"2024-4-17 0:22:50:250","lib":"NSURL","func":"+ URLWithString:","args":["https://parse.fusion.com.au/parse-DEF/functions/getIntroCardSeries"]}
{"time":"2024-4-17 0:22:50:498","lib":"NSURL","func":"+ URLWithString:relativeToURL:","args":["https://parse.fusion.com.au/parse-DEF/functions/getIntroCardSeries","nil"]}
{"time":"2024-4-17 0:22:50:657","lib":"Foundation","func":"NSClassFromString","args":["_TtC11DefenceBank36RegisterTouchIDHandlerSingletonProxy"]}
{"time":"2024-4-17 0:22:50:760","lib":"NSNotificationCenter","func":"- addObserver:selector:name:object:","args":["0x3c85a20c6f8939","addObserver:selector:name:object:","0x1a105c65da9","applicationDidBecomeActive:","0x20a2b0fd8","0x85a10b8b0d77"]}
{"time":"2024-4-17 0:22:51:23","lib":"NSNotificationCenter","func":"- addObserver:selector:name:object:","args":["0x3c85a20c6f8939","addObserver:selector:name:object:","0x5a105c65da9","applicationDidEnterBackground:","0x20a2b0fd8","0x85a10b8b0d77"]}
{"time":"2024-4-17 0:22:51:120","lib":"Foundation","func":"NSClassFromString","args":["UICustomObject"]}
{"time":"2024-4-17 0:22:51:224","lib":"NSNotificationCenter","func":"- addObserver:selector:name:object:","args":["0x21a20c6f8939","addObserver:selector:name:object:","0x21a105c658fd","updateTraceWithCurrentSession","0x20a2b0fd8","0x25a105c65d5d"]}
{"time":"2024-4-17 0:22:51:417","lib":"NSURL","func":"+ URLWithString:","args":["https://parse.fusion.com.au/parse-DEF/functions/getIntroCardSeries"]}
{"time":"2024-4-17 0:22:51:576","lib":"Foundation","func":"NSClassFromString","args":["_TtC11DefenceBank26RegisterTextFieldValidator"]}
{"time":"2024-4-17 0:22:51:611","lib":"NSURL","func":"+ URLWithString:relativeToURL:","args":["https://parse.fusion.com.au/parse-DEF/functions/getIntroCardSeries","nil"]}
{"time":"2024-4-17 0:22:51:804","lib":"NSNotificationCenter","func":"- addObserver:selector:name:object:","args":["0x3c85a20c6f8939","addObserver:selector:name:object:","0x1a105c65da9","applicationDidBecomeActive:","0x20a2b0fd8","0x85a10b8b0d77"]}
{"time":"2024-4-17 0:22:51:998","lib":"NSNotificationCenter","func":"- addObserver:selector:name:object:","args":["0x3c85a20c6f8939","addObserver:selector:name:object:","0x5a105c65da9","applicationDidEnterBackground:","0x20a2b0fd8","0x85a10b8b0d77"]}
{"time":"2024-4-17 0:22:52:33","lib":"Foundation","func":"NSClassFromString","args":["UICustomObject"]}
{"time":"2024-4-17 0:22:52:130","lib":"NSNotificationCenter","func":"- addObserver:selector:name:object:","args":["0x21a20c6f8939","addObserver:selector:name:object:","0x21a105c658fd","updateTraceWithCurrentSession","0x20a2b0fd8","0x25a105c65d5d"]}
{"time":"2024-4-17 0:22:52:513","lib":"NSNotificationCenter","func":"- addObserver:selector:name:object:","args":["0x3c85a20c6f8939","addObserver:selector:name:object:","0x5a105c43985","applicationWillSuspend","0x20a2b0fd8","0x65a10b8b0d77"]}
{"time":"2024-4-17 0:22:52:999","lib":"NSNotificationCenter","func":"- addObserver:selector:name:object:","args":["0x3c85a20c6f8939","addObserver:selector:name:object:","0x5a105c43985","applicationDidResume","0x20a2b0fd8","0x65a10b8b0d77"]}
{"time":"2024-4-17 0:22:53:105","lib":"libcommonCrypto.dylib","func":"CC_MD5","args":["MGCopyAnswerDeviceClass","23",""]}
{"time":"2024-4-17 0:22:53:487","lib":"NSNotificationCenter","func":"- addObserver:selector:name:object:","args":["0x3c85a20c6f8939","addObserver:selector:name:object:","0x5a105c43985","applicationWantsViewsToDisappear","0x20a2b0fd8","0x65a10b8b0d77"]}
{"time":"2024-4-17 0:22:53:972","lib":"NSNotificationCenter","func":"- addObserver:selector:name:object:","args":["0x3c85a20c6f8939","addObserver:selector:name:object:","0x5a105c43985","accessibilityLargeTextDidChange","0x20a2b0fd8","0x65a10b8b0d77"]}
{"time":"2024-4-17 0:22:54:8","lib":"Foundation","func":"CFNotificationCenterAddObserver","args":["0x1a20c6ef859","0x1a20c6ef859","0xa90457f6d101c3ff","0x20a2b0fd8",null,"0x4"]}
{"time":"2024-4-17 0:22:54:168","lib":"NSNotificationCenter","func":"- addObserver:selector:name:object:","args":["0x3c85a20c6f8939","addObserver:selector:name:object:","0x1a20c722cad","didReceiveMemoryWarning:","0x20a2b0fd8","0x65a10b8b0d77"]}
{"time":"2024-4-17 0:22:54:273","lib":"NSURL","func":"+ URLWithString:","args":["https://parse.fusion.com.au/parse-DEF/classes/_Installation/ouqbvKPD1F"]}
{"time":"2024-4-17 0:22:54:371","lib":"libSystem.B.dylib","func":"open","args":["/private/var/containers/Bundle/Application/5B76169E-EBF2-4951-B12E-D24D28BD9F50/DefenceBank.app/Registration.storyboardc/Enc-Ih-xIy-view-TCD-d5-Lnz.nib","0x0"]}
{"time":"2024-4-17 0:22:54:539","lib":"NSURL","func":"+ URLWithString:relativeToURL:","args":["https://parse.fusion.com.au/parse-DEF/classes/_Installation/ouqbvKPD1F","nil"]}
{"time":"2024-4-17 0:22:54:574","lib":"Foundation","func":"NSClassFromString","args":["_TtC11DefenceBank17UIButtonBaseClass"]}
{"time":"2024-4-17 0:22:54:772","lib":"Foundation","func":"NSClassFromString","args":["UIButton"]}
{"time":"2024-4-17 0:22:54:807","lib":"NSNotificationCenter","func":"- addObserver:selector:name:object:","args":["0x3c85a20c6f8939","addObserver:selector:name:object:","0x1a105c65da9","applicationDidBecomeActive:","0x20a2b0fd8","0x85a10b8b0d77"]}
{"time":"2024-4-17 0:22:54:968","lib":"Foundation","func":"NSClassFromString","args":["_TtC11DefenceBank17UIButtonBaseClass"]}
{"time":"2024-4-17 0:22:55:73","lib":"NSNotificationCenter","func":"- addObserver:selector:name:object:","args":["0x3c85a20c6f8939","addObserver:selector:name:object:","0x5a105c65da9","applicationDidEnterBackground:","0x20a2b0fd8","0x85a10b8b0d77"]}
{"time":"2024-4-17 0:22:55:171","lib":"Foundation","func":"NSClassFromString","args":["UIButton"]}
{"time":"2024-4-17 0:22:55:241","lib":"Foundation","func":"NSStringFromSelector","args":["setBackgroundColor:"]}
{"time":"2024-4-17 0:22:55:277","lib":"NSNotificationCenter","func":"- addObserver:selector:name:object:","args":["0x21a20c6f8939","addObserver:selector:name:object:","0x21a105c658fd","updateTraceWithCurrentSession","0x20a2b0fd8","0x25a105c65d5d"]}
{"time":"2024-4-17 0:22:55:311","lib":"Foundation","func":"NSStringFromSelector","args":["setBackgroundColor:"]}
{"time":"2024-4-17 0:22:55:374","lib":"Foundation","func":"NSSelectorFromString","args":["_UIAppearance_setBackgroundColor:"]}
{"time":"2024-4-17 0:22:55:437","lib":"Foundation","func":"NSStringFromSelector","args":["setBackgroundColor:"]}
{"time":"2024-4-17 0:22:55:473","lib":"NSURL","func":"+ URLWithString:","args":["https://parse.fusion.com.au/parse-DEF/classes/_Installation/ouqbvKPD1F"]}
{"time":"2024-4-17 0:22:55:508","lib":"Foundation","func":"NSStringFromSelector","args":["setBackgroundColor:"]}
{"time":"2024-4-17 0:22:55:571","lib":"Foundation","func":"NSSelectorFromString","args":["_UIAppearance_setBackgroundColor:"]}
{"time":"2024-4-17 0:22:55:669","lib":"NSURL","func":"+ URLWithString:relativeToURL:","args":["https://parse.fusion.com.au/parse-DEF/classes/_Installation/ouqbvKPD1F","nil"]}
{"time":"2024-4-17 0:22:55:704","lib":"Foundation","func":"NSStringFromSelector","args":["setBackgroundColor:"]}
{"time":"2024-4-17 0:22:55:712","lib":"Foundation","func":"NSClassFromString","args":["_TtC11DefenceBank14FUSLinedSwitch"]}
{"time":"2024-4-17 0:22:55:713","lib":"Foundation","func":"NSClassFromString","args":["UIView"]}
{"time":"2024-4-17 0:22:55:828","lib":"Foundation","func":"NSStringFromSelector","args":["setBackgroundColor:"]}
{"time":"2024-4-17 0:22:55:863","lib":"NSNotificationCenter","func":"- addObserver:selector:name:object:","args":["0x3c85a20c6f8939","addObserver:selector:name:object:","0x1a105c65da9","applicationDidBecomeActive:","0x20a2b0fd8","0x85a10b8b0d77"]}
{"time":"2024-4-17 0:22:55:959","lib":"Foundation","func":"NSStringFromSelector","args":["setBackgroundColor:"]}
{"time":"2024-4-17 0:22:56:57","lib":"NSNotificationCenter","func":"- addObserver:selector:name:object:","args":["0x3c85a20c6f8939","addObserver:selector:name:object:","0x5a105c65da9","applicationDidEnterBackground:","0x20a2b0fd8","0x85a10b8b0d77"]}
{"time":"2024-4-17 0:22:56:89","lib":"Foundation","func":"NSSelectorFromString","args":["_UIAppearance_setBackgroundColor:"]}
{"time":"2024-4-17 0:22:56:187","lib":"NSNotificationCenter","func":"- addObserver:selector:name:object:","args":["0x21a20c6f8939","addObserver:selector:name:object:","0x21a105c658fd","updateTraceWithCurrentSession","0x20a2b0fd8","0x25a105c65d5d"]}
{"time":"2024-4-17 0:22:56:219","lib":"Foundation","func":"NSStringFromSelector","args":["setBackgroundColor:"]}
{"time":"2024-4-17 0:22:56:354","lib":"Foundation","func":"NSStringFromSelector","args":["setBackgroundColor:"]}
{"time":"2024-4-17 0:22:56:489","lib":"Foundation","func":"NSSelectorFromString","args":["_UIAppearance_setBackgroundColor:"]}
{"time":"2024-4-17 0:22:56:625","lib":"Foundation","func":"NSStringFromSelector","args":["setBackgroundColor:"]}
{"time":"2024-4-17 0:22:56:693","lib":"Foundation","func":"NSStringFromSelector","args":["setBackgroundColor:"]}
{"time":"2024-4-17 0:22:56:762","lib":"Foundation","func":"NSStringFromSelector","args":["setBackgroundColor:"]}
{"time":"2024-4-17 0:22:56:831","lib":"Foundation","func":"NSSelectorFromString","args":["_UIAppearance_setBackgroundColor:"]}
{"time":"2024-4-17 0:22:56:901","lib":"Foundation","func":"NSStringFromSelector","args":["setBackgroundColor:"]}
{"time":"2024-4-17 0:22:56:971","lib":"Foundation","func":"NSStringFromSelector","args":["setBackgroundColor:"]}
{"time":"2024-4-17 0:22:57:40","lib":"Foundation","func":"NSSelectorFromString","args":["_UIAppearance_setBackgroundColor:"]}
{"time":"2024-4-17 0:22:57:147","lib":"libcommonCrypto.dylib","func":"CC_MD5","args":["MGCopyAnswerDeviceClass","23",""]}
{"time":"2024-4-17 0:22:57:181","lib":"Foundation","func":"NSStringFromSelector","args":["setBackgroundColor:"]}
{"time":"2024-4-17 0:22:57:189","lib":"Foundation","func":"NSClassFromString","args":["_TtC11DefenceBank17UIButtonBaseClass"]}
{"time":"2024-4-17 0:22:57:190","lib":"Foundation","func":"NSClassFromString","args":["UIButton"]}
{"time":"2024-4-17 0:22:57:254","lib":"Foundation","func":"NSStringFromSelector","args":["setBackgroundColor:"]}
{"time":"2024-4-17 0:22:57:327","lib":"Foundation","func":"NSStringFromSelector","args":["setBackgroundColor:"]}
{"time":"2024-4-17 0:22:57:399","lib":"Foundation","func":"NSSelectorFromString","args":["_UIAppearance_setBackgroundColor:"]}
{"time":"2024-4-17 0:22:57:470","lib":"Foundation","func":"NSStringFromSelector","args":["setBackgroundColor:"]}
{"time":"2024-4-17 0:22:57:541","lib":"Foundation","func":"NSStringFromSelector","args":["setBackgroundColor:"]}
{"time":"2024-4-17 0:22:57:611","lib":"Foundation","func":"NSSelectorFromString","args":["_UIAppearance_setBackgroundColor:"]}
{"time":"2024-4-17 0:22:57:751","lib":"Foundation","func":"NSStringFromSelector","args":["setBackgroundColor:"]}
{"time":"2024-4-17 0:22:57:958","lib":"Foundation","func":"NSClassFromString","args":["_TtC11DefenceBank17FUSLinedTextField"]}
{"time":"2024-4-17 0:22:58:61","lib":"Foundation","func":"CFNotificationCenterAddObserver","args":["0x1a20c6ef859","0x1a20c6ef859","0xa90457f6d101c3ff","0x20a2b0fd8",null,"0x4"]}
{"time":"2024-4-17 0:22:58:70","lib":"NSFileManager","func":"- fileExistsAtPath:","args":["/var/mobile/Containers/Data/Application/8C1B13DD-7EE5-495C-8EF8-07A0DE4AF56E/Library/Private Documents/Parse"]}
{"time":"2024-4-17 0:22:58:70","lib":"libSystem.B.dylib","func":"open","args":["/var/mobile/Containers/Data/Application/8C1B13DD-7EE5-495C-8EF8-07A0DE4AF56E/Library/Private Documents/Parse/ParseOfflineStore.pflock","0x222"]}
{"time":"2024-4-17 0:22:58:90","lib":"NSFileManager","func":"- fileExistsAtPath:","args":["/var/mobile/Containers/Data/Application/8C1B13DD-7EE5-495C-8EF8-07A0DE4AF56E/Library/Private Documents/Parse"]}
{"time":"2024-4-17 0:22:58:90","lib":"libSystem.B.dylib","func":"open","args":["/var/mobile/Containers/Data/Application/8C1B13DD-7EE5-495C-8EF8-07A0DE4AF56E/Library/Private Documents/Parse/ParseOfflineStore.pflock","0x222"]}
{"time":"2024-4-17 0:22:58:92","lib":"NSFileManager","func":"- fileExistsAtPath:","args":["/var/mobile/Containers/Data/Application/8C1B13DD-7EE5-495C-8EF8-07A0DE4AF56E/Library/Private Documents/Parse"]}
{"time":"2024-4-17 0:22:58:93","lib":"libSystem.B.dylib","func":"open","args":["/var/mobile/Containers/Data/Application/8C1B13DD-7EE5-495C-8EF8-07A0DE4AF56E/Library/Private Documents/Parse/ParseOfflineStore.pflock","0x222"]}
{"time":"2024-4-17 0:22:58:109","lib":"NSFileManager","func":"- fileExistsAtPath:","args":["/var/mobile/Containers/Data/Application/8C1B13DD-7EE5-495C-8EF8-07A0DE4AF56E/Library/Private Documents/Parse"]}
{"time":"2024-4-17 0:22:58:109","lib":"libSystem.B.dylib","func":"open","args":["/var/mobile/Containers/Data/Application/8C1B13DD-7EE5-495C-8EF8-07A0DE4AF56E/Library/Private Documents/Parse/ParseOfflineStore.pflock","0x222"]}
{"time":"2024-4-17 0:22:58:111","lib":"NSFileManager","func":"- fileExistsAtPath:","args":["/var/mobile/Containers/Data/Application/8C1B13DD-7EE5-495C-8EF8-07A0DE4AF56E/Library/Private Documents/Parse"]}
{"time":"2024-4-17 0:22:58:111","lib":"libSystem.B.dylib","func":"open","args":["/var/mobile/Containers/Data/Application/8C1B13DD-7EE5-495C-8EF8-07A0DE4AF56E/Library/Private Documents/Parse/ParseOfflineStore.pflock","0x222"]}
{"time":"2024-4-17 0:22:58:136","lib":"Foundation","func":"NSClassFromString","args":["UITextField"]}
{"time":"2024-4-17 0:22:58:285","lib":"Foundation","func":"NSStringFromSelector","args":["setBackgroundColor:"]}
{"time":"2024-4-17 0:22:58:430","lib":"Foundation","func":"NSStringFromSelector","args":["setBackgroundColor:"]}
{"time":"2024-4-17 0:22:58:576","lib":"Foundation","func":"NSSelectorFromString","args":["_UIAppearance_setBackgroundColor:"]}
{"time":"2024-4-17 0:22:58:721","lib":"Foundation","func":"NSStringFromSelector","args":["setBackgroundColor:"]}
{"time":"2024-4-17 0:22:58:866","lib":"Foundation","func":"NSStringFromSelector","args":["setBackgroundColor:"]}
{"time":"2024-4-17 0:22:59:12","lib":"Foundation","func":"NSSelectorFromString","args":["_UIAppearance_setBackgroundColor:"]}
{"time":"2024-4-17 0:22:59:157","lib":"Foundation","func":"NSStringFromSelector","args":["setBackgroundColor:"]}
{"time":"2024-4-17 0:22:59:303","lib":"Foundation","func":"NSStringFromSelector","args":["setBackgroundColor:"]}
{"time":"2024-4-17 0:22:59:474","lib":"Foundation","func":"NSStringFromSelector","args":["setBackgroundColor:"]}
{"time":"2024-4-17 0:22:59:640","lib":"NSURL","func":"+ URLWithString:","args":["https://parse.fusion.com.au/parse-DEF/classes/LimitedFeatures"]}
{"time":"2024-4-17 0:22:59:736","lib":"Foundation","func":"NSSelectorFromString","args":["_UIAppearance_setBackgroundColor:"]}
{"time":"2024-4-17 0:22:59:902","lib":"NSURL","func":"+ URLWithString:relativeToURL:","args":["https://parse.fusion.com.au/parse-DEF/classes/LimitedFeatures","nil"]}
{"time":"2024-4-17 0:23:0:0","lib":"Foundation","func":"NSStringFromSelector","args":["setBackgroundColor:"]}
{"time":"2024-4-17 0:23:0:205","lib":"NSNotificationCenter","func":"- addObserver:selector:name:object:","args":["0x3c85a20c6f8939","addObserver:selector:name:object:","0x1a105c65da9","applicationDidBecomeActive:","0x20a2b0fd8","0x85a10b8b0d77"]}
{"time":"2024-4-17 0:23:0:239","lib":"Foundation","func":"NSStringFromSelector","args":["setBackgroundColor:"]}
{"time":"2024-4-17 0:23:0:465","lib":"NSNotificationCenter","func":"- addObserver:selector:name:object:","args":["0x3c85a20c6f8939","addObserver:selector:name:object:","0x5a105c65da9","applicationDidEnterBackground:","0x20a2b0fd8","0x85a10b8b0d77"]}
{"time":"2024-4-17 0:23:0:498","lib":"Foundation","func":"NSSelectorFromString","args":["_UIAppearance_setBackgroundColor:"]}
{"time":"2024-4-17 0:23:0:663","lib":"NSNotificationCenter","func":"- addObserver:selector:name:object:","args":["0x21a20c6f8939","addObserver:selector:name:object:","0x21a105c658fd","updateTraceWithCurrentSession","0x20a2b0fd8","0x25a105c65d5d"]}
{"time":"2024-4-17 0:23:0:759","lib":"Foundation","func":"NSStringFromSelector","args":["setBackgroundColor:"]}
{"time":"2024-4-17 0:23:0:855","lib":"NSURL","func":"+ URLWithString:","args":["https://parse.fusion.com.au/parse-DEF/classes/LimitedFeatures"]}
{"time":"2024-4-17 0:23:1:12","lib":"Foundation","func":"NSStringFromSelector","args":["setBackgroundColor:"]}
{"time":"2024-4-17 0:23:1:47","lib":"NSURL","func":"+ URLWithString:relativeToURL:","args":["https://parse.fusion.com.au/parse-DEF/classes/LimitedFeatures","nil"]}
{"time":"2024-4-17 0:23:1:239","lib":"NSNotificationCenter","func":"- addObserver:selector:name:object:","args":["0x3c85a20c6f8939","addObserver:selector:name:object:","0x1a105c65da9","applicationDidBecomeActive:","0x20a2b0fd8","0x85a10b8b0d77"]}
{"time":"2024-4-17 0:23:1:272","lib":"Foundation","func":"NSStringFromSelector","args":["setBackgroundColor:"]}
{"time":"2024-4-17 0:23:1:429","lib":"NSNotificationCenter","func":"- addObserver:selector:name:object:","args":["0x3c85a20c6f8939","addObserver:selector:name:object:","0x5a105c65da9","applicationDidEnterBackground:","0x20a2b0fd8","0x85a10b8b0d77"]}
{"time":"2024-4-17 0:23:1:524","lib":"Foundation","func":"NSSelectorFromString","args":["_UIAppearance_setBackgroundColor:"]}
{"time":"2024-4-17 0:23:1:559","lib":"NSNotificationCenter","func":"- addObserver:selector:name:object:","args":["0x21a20c6f8939","addObserver:selector:name:object:","0x21a105c658fd","updateTraceWithCurrentSession","0x20a2b0fd8","0x25a105c65d5d"]}
{"time":"2024-4-17 0:23:1:799","lib":"Foundation","func":"NSStringFromSelector","args":["setBackgroundColor:"]}
{"time":"2024-4-17 0:23:2:76","lib":"Foundation","func":"NSStringFromSelector","args":["setBackgroundColor:"]}
{"time":"2024-4-17 0:23:2:354","lib":"Foundation","func":"NSSelectorFromString","args":["_UIAppearance_setBackgroundColor:"]}
{"time":"2024-4-17 0:23:2:527","lib":"libcommonCrypto.dylib","func":"CC_MD5","args":["MGCopyAnswerDeviceClass","23",""]}
{"time":"2024-4-17 0:23:2:631","lib":"Foundation","func":"NSStringFromSelector","args":["setBackgroundColor:"]}
{"time":"2024-4-17 0:23:2:908","lib":"NSNotificationCenter","func":"- addObserver:selector:name:object:","args":["0x3c85a20c6f8939","addObserver:selector:name:object:","0x5a20c72ad47","_accessibilityButtonShapesChangedNotification:","0x20a2b0fd8",null]}
{"time":"2024-4-17 0:23:3:185","lib":"Foundation","func":"NSStringFromSelector","args":["setBackgroundColor:"]}
{"time":"2024-4-17 0:23:3:430","lib":"Foundation","func":"CFNotificationCenterAddObserver","args":["0x1a20c6ef859","0x1a20c6ef859","0xa90457f6d101c3ff","0x20a2b0fd8",null,"0x4"]}
{"time":"2024-4-17 0:23:3:464","lib":"Foundation","func":"NSStringFromSelector","args":["setBackgroundColor:"]}
{"time":"2024-4-17 0:23:3:611","lib":"Foundation","func":"NSSelectorFromString","args":["_UIAppearance_setBackgroundColor:"]}
{"time":"2024-4-17 0:23:3:759","lib":"Foundation","func":"NSStringFromSelector","args":["setBackgroundColor:"]}
{"time":"2024-4-17 0:23:3:905","lib":"Foundation","func":"NSStringFromSelector","args":["setBackgroundColor:"]}
{"time":"2024-4-17 0:23:3:931","lib":"Foundation","func":"NSSelectorFromString","args":["sceneID:sendActions:"]}
{"time":"2024-4-17 0:23:3:931","lib":"Foundation","func":"NSStringFromSelector","args":["sceneID:sendActions:"]}
{"time":"2024-4-17 0:23:3:932","lib":"Foundation","func":"NSClassFromString","args":["BSXPCServiceConnectionMessage"]}
{"time":"2024-4-17 0:23:3:933","lib":"Foundation","func":"NSClassFromString","args":["UIDidTakeScreenshotAction"]}
{"time":"2024-4-17 0:23:3:933","lib":"Foundation","func":"NSClassFromString","args":["UIDidTakeScreenshotAction"]}
{"time":"2024-4-17 0:23:3:934","lib":"Foundation","func":"NSClassFromString","args":["BSMachPortTransferableSendRight"]}
{"time":"2024-4-17 0:23:3:934","lib":"Foundation","func":"NSClassFromString","args":["BSMachPortSendRight"]}
{"time":"2024-4-17 0:23:3:935","lib":"Foundation","func":"NSClassFromString","args":["BSObjCMethod"]}
{"time":"2024-4-17 0:23:3:936","lib":"Foundation","func":"NSClassFromString","args":["NSObject"]}
{"time":"2024-4-17 0:23:3:946","lib":"Foundation","func":"NSSelectorFromString","args":["sceneID:updateWithSettingsDiff:transitionContext:completion:"]}
{"time":"2024-4-17 0:23:3:956","lib":"Foundation","func":"NSStringFromSelector","args":["sceneID:updateWithSettingsDiff:transitionContext:completion:"]}
{"time":"2024-4-17 0:23:3:959","lib":"Foundation","func":"NSClassFromString","args":["BSXPCServiceConnectionMessage"]}
{"time":"2024-4-17 0:23:3:960","lib":"Foundation","func":"NSClassFromString","args":["UIApplicationSceneTransitionContext"]}
{"time":"2024-4-17 0:23:3:960","lib":"Foundation","func":"NSClassFromString","args":["UIApplicationSceneTransitionContext"]}
{"time":"2024-4-17 0:23:3:971","lib":"Foundation","func":"NSClassFromString","args":["UIScreenshotMetadataRequestAction"]}
{"time":"2024-4-17 0:23:3:972","lib":"Foundation","func":"NSClassFromString","args":["BSMachPortTransferableSendRight"]}
{"time":"2024-4-17 0:23:3:984","lib":"Foundation","func":"NSClassFromString","args":["BSMachPortSendRight"]}
{"time":"2024-4-17 0:23:3:985","lib":"Foundation","func":"NSClassFromString","args":["BSMutableSettings"]}
{"time":"2024-4-17 0:23:3:986","lib":"Foundation","func":"NSClassFromString","args":["BSObjCMethod"]}
{"time":"2024-4-17 0:23:3:986","lib":"Foundation","func":"NSClassFromString","args":["NSObject"]}
{"time":"2024-4-17 0:23:4:91","lib":"Foundation","func":"NSSelectorFromString","args":["_UIAppearance_setBackgroundColor:"]}
{"time":"2024-4-17 0:23:4:248","lib":"Foundation","func":"NSStringFromSelector","args":["setBackgroundColor:"]}
{"time":"2024-4-17 0:23:4:414","lib":"NSNotificationCenter","func":"- addObserver:selector:name:object:","args":["0x3c85a20c6f8939","addObserver:selector:name:object:","0x5a105bb041f","_increaseContrastSettingChanged:","0x20a2b0fd8",null]}
{"time":"2024-4-17 0:23:4:577","lib":"NSNotificationCenter","func":"- addObserver:selector:name:object:","args":["0x3c85a20c6f8939","addObserver:selector:name:object:","0x5a105bb041f","_increaseContrastSettingChanged:","0x20a2b0fd8",null]}
{"time":"2024-4-17 0:23:4:943","lib":"Foundation","func":"NSStringFromSelector","args":["setBackgroundColor:"]}
{"time":"2024-4-17 0:23:5:302","lib":"Foundation","func":"NSStringFromSelector","args":["setBackgroundColor:"]}
{"time":"2024-4-17 0:23:5:658","lib":"Foundation","func":"NSSelectorFromString","args":["_UIAppearance_setBackgroundColor:"]}
{"time":"2024-4-17 0:23:6:9","lib":"Foundation","func":"NSStringFromSelector","args":["setBackgroundColor:"]}
{"time":"2024-4-17 0:23:6:352","lib":"Foundation","func":"NSStringFromSelector","args":["setBackgroundColor:"]}
{"time":"2024-4-17 0:23:6:686","lib":"Foundation","func":"NSSelectorFromString","args":["_UIAppearance_setBackgroundColor:"]}
{"time":"2024-4-17 0:23:7:15","lib":"Foundation","func":"NSStringFromSelector","args":["setBackgroundColor:"]}
{"time":"2024-4-17 0:23:7:346","lib":"NSNotificationCenter","func":"- addObserver:selector:name:object:","args":["0x3c85a20c6f8939","addObserver:selector:name:object:","0x5a105c2eec7","_accessibilityButtonShapesChangedNotification:","0x20a2b0fd8",null]}
{"time":"2024-4-17 0:23:7:576","lib":"Foundation","func":"NSStringFromSelector","args":["setBackgroundColor:"]}
{"time":"2024-4-17 0:23:7:807","lib":"Foundation","func":"NSStringFromSelector","args":["setBackgroundColor:"]}
{"time":"2024-4-17 0:23:8:35","lib":"Foundation","func":"NSSelectorFromString","args":["_UIAppearance_setBackgroundColor:"]}
{"time":"2024-4-17 0:23:8:255","lib":"Foundation","func":"NSStringFromSelector","args":["setBackgroundColor:"]}
{"time":"2024-4-17 0:23:8:474","lib":"Foundation","func":"NSStringFromSelector","args":["setBackgroundColor:"]}
{"time":"2024-4-17 0:23:8:691","lib":"Foundation","func":"NSSelectorFromString","args":["_UIAppearance_setBackgroundColor:"]}
{"time":"2024-4-17 0:23:8:906","lib":"Foundation","func":"NSStringFromSelector","args":["setBackgroundColor:"]}
{"time":"2024-4-17 0:23:9:124","lib":"NSNotificationCenter","func":"- addObserver:selector:name:object:","args":["0x3c85a20c6f8939","addObserver:selector:name:object:","0x5a20c72caf7","_accessibilityButtonShapesChangedNotification:","0x20a2b0fd8",null]}
{"time":"2024-4-17 0:23:9:342","lib":"Foundation","func":"NSStringFromSelector","args":["setBackgroundColor:"]}
{"time":"2024-4-17 0:23:9:557","lib":"Foundation","func":"NSStringFromSelector","args":["setBackgroundColor:"]}
{"time":"2024-4-17 0:23:9:779","lib":"Foundation","func":"NSSelectorFromString","args":["_UIAppearance_setBackgroundColor:"]}
{"time":"2024-4-17 0:23:9:996","lib":"Foundation","func":"NSStringFromSelector","args":["setBackgroundColor:"]}
{"time":"2024-4-17 0:23:10:213","lib":"Foundation","func":"NSStringFromSelector","args":["setBackgroundColor:"]}
{"time":"2024-4-17 0:23:10:430","lib":"Foundation","func":"NSSelectorFromString","args":["_UIAppearance_setBackgroundColor:"]}
{"time":"2024-4-17 0:23:10:649","lib":"Foundation","func":"NSStringFromSelector","args":["setBackgroundColor:"]}
{"time":"2024-4-17 0:23:10:867","lib":"NSNotificationCenter","func":"- addObserver:selector:name:object:","args":["0x3c85a20c6f8939","addObserver:selector:name:object:","0x5a20c72caf7","_accessibilityButtonShapesChangedNotification:","0x20a2b0fd8",null]}
{"time":"2024-4-17 0:23:11:85","lib":"Foundation","func":"NSStringFromSelector","args":["setBackgroundColor:"]}
{"time":"2024-4-17 0:23:11:302","lib":"Foundation","func":"NSStringFromSelector","args":["setBackgroundColor:"]}
{"time":"2024-4-17 0:23:11:519","lib":"Foundation","func":"NSSelectorFromString","args":["_UIAppearance_setBackgroundColor:"]}
{"time":"2024-4-17 0:23:11:737","lib":"Foundation","func":"NSStringFromSelector","args":["setBackgroundColor:"]}
{"time":"2024-4-17 0:23:11:956","lib":"Foundation","func":"NSStringFromSelector","args":["setBackgroundColor:"]}
{"time":"2024-4-17 0:23:12:174","lib":"Foundation","func":"NSSelectorFromString","args":["_UIAppearance_setBackgroundColor:"]}
{"time":"2024-4-17 0:23:12:393","lib":"Foundation","func":"NSStringFromSelector","args":["setBackgroundColor:"]}
{"time":"2024-4-17 0:23:12:611","lib":"NSNotificationCenter","func":"- addObserver:selector:name:object:","args":["0x3c85a20c6f8939","addObserver:selector:name:object:","0x5a20c72caf7","_accessibilityButtonShapesChangedNotification:","0x20a2b0fd8",null]}
{"time":"2024-4-17 0:23:12:722","lib":"Foundation","func":"NSClassFromString","args":["_TtC11DefenceBank17FUSLinedTextField"]}
{"time":"2024-4-17 0:23:12:834","lib":"Foundation","func":"NSClassFromString","args":["UITextField"]}
{"time":"2024-4-17 0:23:12:978","lib":"Foundation","func":"NSStringFromSelector","args":["setBackgroundColor:"]}
{"time":"2024-4-17 0:23:13:61","lib":"Foundation","func":"NSSelectorFromString","args":["sceneID:updateWithSettingsDiff:transitionContext:completion:"]}
{"time":"2024-4-17 0:23:13:61","lib":"Foundation","func":"NSStringFromSelector","args":["sceneID:updateWithSettingsDiff:transitionContext:completion:"]}
{"time":"2024-4-17 0:23:13:61","lib":"Foundation","func":"NSClassFromString","args":["BSXPCServiceConnectionMessage"]}
{"time":"2024-4-17 0:23:13:62","lib":"Foundation","func":"NSClassFromString","args":["FBSSceneSettingsDiff"]}
{"time":"2024-4-17 0:23:13:62","lib":"Foundation","func":"NSClassFromString","args":["FBSSceneSettingsDiff"]}
{"time":"2024-4-17 0:23:13:63","lib":"Foundation","func":"NSClassFromString","args":["BSMutableSettings"]}
{"time":"2024-4-17 0:23:13:64","lib":"Foundation","func":"NSClassFromString","args":["BSSettingsDiff"]}
{"time":"2024-4-17 0:23:13:64","lib":"Foundation","func":"NSClassFromString","args":["BSMutableSettings"]}
{"time":"2024-4-17 0:23:13:65","lib":"Foundation","func":"NSClassFromString","args":["UIApplicationSceneSettings"]}
{"time":"2024-4-17 0:23:13:65","lib":"Foundation","func":"NSClassFromString","args":["UIApplicationSceneTransitionContext"]}
{"time":"2024-4-17 0:23:13:66","lib":"Foundation","func":"NSClassFromString","args":["UIApplicationSceneTransitionContext"]}
{"time":"2024-4-17 0:23:13:66","lib":"Foundation","func":"NSClassFromString","args":["BSMutableSettings"]}
{"time":"2024-4-17 0:23:13:67","lib":"Foundation","func":"NSClassFromString","args":["BSObjCMethod"]}
{"time":"2024-4-17 0:23:13:67","lib":"Foundation","func":"NSClassFromString","args":["NSObject"]}
{"time":"2024-4-17 0:23:13:125","lib":"Foundation","func":"NSStringFromSelector","args":["setBackgroundColor:"]}
{"time":"2024-4-17 0:23:13:271","lib":"Foundation","func":"NSSelectorFromString","args":["_UIAppearance_setBackgroundColor:"]}
{"time":"2024-4-17 0:23:13:417","lib":"Foundation","func":"NSStringFromSelector","args":["setBackgroundColor:"]}
{"time":"2024-4-17 0:23:13:562","lib":"Foundation","func":"NSStringFromSelector","args":["setBackgroundColor:"]}
{"time":"2024-4-17 0:23:13:706","lib":"Foundation","func":"NSSelectorFromString","args":["_UIAppearance_setBackgroundColor:"]}
{"time":"2024-4-17 0:23:13:852","lib":"Foundation","func":"NSStringFromSelector","args":["setBackgroundColor:"]}
{"time":"2024-4-17 0:23:13:999","lib":"Foundation","func":"NSStringFromSelector","args":["setBackgroundColor:"]}
{"time":"2024-4-17 0:23:14:145","lib":"Foundation","func":"NSStringFromSelector","args":["setBackgroundColor:"]}
{"time":"2024-4-17 0:23:14:289","lib":"Foundation","func":"NSSelectorFromString","args":["_UIAppearance_setBackgroundColor:"]}
{"time":"2024-4-17 0:23:14:432","lib":"Foundation","func":"NSStringFromSelector","args":["setBackgroundColor:"]}
{"time":"2024-4-17 0:23:14:577","lib":"Foundation","func":"NSStringFromSelector","args":["setBackgroundColor:"]}
{"time":"2024-4-17 0:23:14:727","lib":"Foundation","func":"NSSelectorFromString","args":["_UIAppearance_setBackgroundColor:"]}
{"time":"2024-4-17 0:23:14:872","lib":"Foundation","func":"NSStringFromSelector","args":["setBackgroundColor:"]}
{"time":"2024-4-17 0:23:15:18","lib":"Foundation","func":"NSStringFromSelector","args":["setBackgroundColor:"]}
{"time":"2024-4-17 0:23:15:164","lib":"Foundation","func":"NSStringFromSelector","args":["setBackgroundColor:"]}
{"time":"2024-4-17 0:23:15:309","lib":"Foundation","func":"NSSelectorFromString","args":["_UIAppearance_setBackgroundColor:"]}
{"time":"2024-4-17 0:23:15:454","lib":"Foundation","func":"NSStringFromSelector","args":["setBackgroundColor:"]}
{"time":"2024-4-17 0:23:15:599","lib":"Foundation","func":"NSStringFromSelector","args":["setBackgroundColor:"]}
{"time":"2024-4-17 0:23:15:745","lib":"Foundation","func":"NSSelectorFromString","args":["_UIAppearance_setBackgroundColor:"]}
{"time":"2024-4-17 0:23:15:889","lib":"Foundation","func":"NSStringFromSelector","args":["setBackgroundColor:"]}
{"time":"2024-4-17 0:23:16:34","lib":"NSNotificationCenter","func":"- addObserver:selector:name:object:","args":["0x3c85a20c6f8939","addObserver:selector:name:object:","0x5a20c72ad47","_accessibilityButtonShapesChangedNotification:","0x20a2b0fd8",null]}
{"time":"2024-4-17 0:23:16:179","lib":"Foundation","func":"NSStringFromSelector","args":["setBackgroundColor:"]}
{"time":"2024-4-17 0:23:16:326","lib":"Foundation","func":"NSStringFromSelector","args":["setBackgroundColor:"]}
{"time":"2024-4-17 0:23:16:472","lib":"Foundation","func":"NSSelectorFromString","args":["_UIAppearance_setBackgroundColor:"]}
{"time":"2024-4-17 0:23:16:618","lib":"Foundation","func":"NSStringFromSelector","args":["setBackgroundColor:"]}
{"time":"2024-4-17 0:23:16:763","lib":"Foundation","func":"NSStringFromSelector","args":["setBackgroundColor:"]}
{"time":"2024-4-17 0:23:16:910","lib":"Foundation","func":"NSSelectorFromString","args":["_UIAppearance_setBackgroundColor:"]}
{"time":"2024-4-17 0:23:17:55","lib":"Foundation","func":"NSStringFromSelector","args":["setBackgroundColor:"]}
{"time":"2024-4-17 0:23:17:65","lib":"libSystem.B.dylib","func":"open","args":["/System/Library/Fonts/Core/Helvetica.ttc","0x0"]}
{"time":"2024-4-17 0:23:17:211","lib":"NSNotificationCenter","func":"- addObserver:selector:name:object:","args":["0x3c85a20c6f8939","addObserver:selector:name:object:","0x1a20c72b065","_textContainerDidChangeView:","0x20a2b0fd8","0x65a20c72af25"]}
{"time":"2024-4-17 0:23:17:357","lib":"NSNotificationCenter","func":"- addObserver:selector:name:object:","args":["0x3c85a20c6f8939","addObserver:selector:name:object:","0x5a20c72b065","_textStorageDidProcessEditing:","0x20a2b0fd8","0x21a20c72b1f5"]}
{"time":"2024-4-17 0:23:17:507","lib":"NSNotificationCenter","func":"- addObserver:selector:name:object:","args":["0x3c85a20c6f8939","addObserver:selector:name:object:","0x5a20c72b065","_resetShowingTextStyle:","0x20a2b0fd8",null]}
{"time":"2024-4-17 0:23:17:655","lib":"NSNotificationCenter","func":"- addObserver:selector:name:object:","args":["0x3c85a20c6f8939","addObserver:selector:name:object:","0x5a105bb041f","_increaseContrastSettingChanged:","0x20a2b0fd8",null]}
{"time":"2024-4-17 0:23:17:801","lib":"NSNotificationCenter","func":"- addObserver:selector:name:object:","args":["0x3c85a20c6f8939","addObserver:selector:name:object:","0x5a105bb041f","_increaseContrastSettingChanged:","0x20a2b0fd8",null]}
{"time":"2024-4-17 0:23:18:134","lib":"Foundation","func":"NSStringFromSelector","args":["setBackgroundColor:"]}
{"time":"2024-4-17 0:23:18:471","lib":"Foundation","func":"NSStringFromSelector","args":["setBackgroundColor:"]}
{"time":"2024-4-17 0:23:18:798","lib":"Foundation","func":"NSSelectorFromString","args":["_UIAppearance_setBackgroundColor:"]}
{"time":"2024-4-17 0:23:19:127","lib":"Foundation","func":"NSStringFromSelector","args":["setBackgroundColor:"]}
{"time":"2024-4-17 0:23:19:455","lib":"Foundation","func":"NSStringFromSelector","args":["setBackgroundColor:"]}
{"time":"2024-4-17 0:23:19:772","lib":"Foundation","func":"NSSelectorFromString","args":["sceneID:updateWithSettingsDiff:transitionContext:completion:"]}
{"time":"2024-4-17 0:23:19:773","lib":"Foundation","func":"NSStringFromSelector","args":["sceneID:updateWithSettingsDiff:transitionContext:completion:"]}
{"time":"2024-4-17 0:23:19:773","lib":"Foundation","func":"NSClassFromString","args":["BSXPCServiceConnectionMessage"]}
{"time":"2024-4-17 0:23:19:774","lib":"Foundation","func":"NSClassFromString","args":["FBSSceneSettingsDiff"]}
{"time":"2024-4-17 0:23:19:774","lib":"Foundation","func":"NSClassFromString","args":["FBSSceneSettingsDiff"]}
{"time":"2024-4-17 0:23:19:775","lib":"Foundation","func":"NSClassFromString","args":["BSMutableSettings"]}
{"time":"2024-4-17 0:23:19:775","lib":"Foundation","func":"NSClassFromString","args":["BSSettingsDiff"]}
{"time":"2024-4-17 0:23:19:776","lib":"Foundation","func":"NSClassFromString","args":["BSMutableSettings"]}
{"time":"2024-4-17 0:23:19:776","lib":"Foundation","func":"NSClassFromString","args":["UIApplicationSceneSettings"]}
{"time":"2024-4-17 0:23:19:777","lib":"Foundation","func":"NSClassFromString","args":["UIApplicationSceneTransitionContext"]}
{"time":"2024-4-17 0:23:19:777","lib":"Foundation","func":"NSClassFromString","args":["UIApplicationSceneTransitionContext"]}
{"time":"2024-4-17 0:23:19:778","lib":"Foundation","func":"NSClassFromString","args":["BSMutableSettings"]}
{"time":"2024-4-17 0:23:19:779","lib":"Foundation","func":"NSClassFromString","args":["BSObjCMethod"]}
{"time":"2024-4-17 0:23:19:779","lib":"Foundation","func":"NSClassFromString","args":["NSObject"]}
{"time":"2024-4-17 0:23:19:789","lib":"Foundation","func":"NSSelectorFromString","args":["_UIAppearance_setBackgroundColor:"]}
{"time":"2024-4-17 0:23:20:121","lib":"Foundation","func":"NSStringFromSelector","args":["setBackgroundColor:"]}
{"time":"2024-4-17 0:23:20:451","lib":"NSNotificationCenter","func":"- addObserver:selector:name:object:","args":["0x3c85a20c6f8939","addObserver:selector:name:object:","0x5a105c2eec7","_accessibilityButtonShapesChangedNotification:","0x20a2b0fd8",null]}
{"time":"2024-4-17 0:23:20:671","lib":"Foundation","func":"NSStringFromSelector","args":["setBackgroundColor:"]}
{"time":"2024-4-17 0:23:20:890","lib":"Foundation","func":"NSStringFromSelector","args":["setBackgroundColor:"]}
{"time":"2024-4-17 0:23:21:109","lib":"Foundation","func":"NSSelectorFromString","args":["_UIAppearance_setBackgroundColor:"]}
{"time":"2024-4-17 0:23:21:328","lib":"Foundation","func":"NSStringFromSelector","args":["setBackgroundColor:"]}
{"time":"2024-4-17 0:23:21:546","lib":"Foundation","func":"NSStringFromSelector","args":["setBackgroundColor:"]}
{"time":"2024-4-17 0:23:21:765","lib":"Foundation","func":"NSSelectorFromString","args":["_UIAppearance_setBackgroundColor:"]}
{"time":"2024-4-17 0:23:21:983","lib":"Foundation","func":"NSStringFromSelector","args":["setBackgroundColor:"]}
{"time":"2024-4-17 0:23:22:202","lib":"NSNotificationCenter","func":"- addObserver:selector:name:object:","args":["0x3c85a20c6f8939","addObserver:selector:name:object:","0x5a20c72caf7","_accessibilityButtonShapesChangedNotification:","0x20a2b0fd8",null]}
{"time":"2024-4-17 0:23:22:421","lib":"Foundation","func":"NSStringFromSelector","args":["setBackgroundColor:"]}
{"time":"2024-4-17 0:23:22:640","lib":"Foundation","func":"NSStringFromSelector","args":["setBackgroundColor:"]}
{"time":"2024-4-17 0:23:22:861","lib":"Foundation","func":"NSSelectorFromString","args":["_UIAppearance_setBackgroundColor:"]}
{"time":"2024-4-17 0:23:23:81","lib":"Foundation","func":"NSStringFromSelector","args":["setBackgroundColor:"]}
{"time":"2024-4-17 0:23:23:300","lib":"Foundation","func":"NSStringFromSelector","args":["setBackgroundColor:"]}
{"time":"2024-4-17 0:23:23:519","lib":"Foundation","func":"NSSelectorFromString","args":["_UIAppearance_setBackgroundColor:"]}
{"time":"2024-4-17 0:23:23:737","lib":"Foundation","func":"NSStringFromSelector","args":["setBackgroundColor:"]}
{"time":"2024-4-17 0:23:23:960","lib":"NSNotificationCenter","func":"- addObserver:selector:name:object:","args":["0x3c85a20c6f8939","addObserver:selector:name:object:","0x5a20c72caf7","_accessibilityButtonShapesChangedNotification:","0x20a2b0fd8",null]}
{"time":"2024-4-17 0:23:24:182","lib":"Foundation","func":"NSStringFromSelector","args":["setBackgroundColor:"]}
{"time":"2024-4-17 0:23:24:402","lib":"Foundation","func":"NSStringFromSelector","args":["setBackgroundColor:"]}
{"time":"2024-4-17 0:23:24:623","lib":"Foundation","func":"NSSelectorFromString","args":["_UIAppearance_setBackgroundColor:"]}
{"time":"2024-4-17 0:23:24:844","lib":"Foundation","func":"NSStringFromSelector","args":["setBackgroundColor:"]}
{"time":"2024-4-17 0:23:25:64","lib":"Foundation","func":"NSStringFromSelector","args":["setBackgroundColor:"]}
{"time":"2024-4-17 0:23:25:291","lib":"Foundation","func":"NSSelectorFromString","args":["_UIAppearance_setBackgroundColor:"]}
{"time":"2024-4-17 0:23:25:517","lib":"Foundation","func":"NSStringFromSelector","args":["setBackgroundColor:"]}
{"time":"2024-4-17 0:23:25:737","lib":"NSNotificationCenter","func":"- addObserver:selector:name:object:","args":["0x3c85a20c6f8939","addObserver:selector:name:object:","0x5a20c72caf7","_accessibilityButtonShapesChangedNotification:","0x20a2b0fd8",null]}
{"time":"2024-4-17 0:23:25:849","lib":"Foundation","func":"NSClassFromString","args":["_TtC11DefenceBank17FUSLinedTextField"]}
{"time":"2024-4-17 0:23:25:959","lib":"Foundation","func":"NSClassFromString","args":["UITextField"]}
{"time":"2024-4-17 0:23:26:105","lib":"Foundation","func":"NSStringFromSelector","args":["setBackgroundColor:"]}
{"time":"2024-4-17 0:23:26:250","lib":"Foundation","func":"NSStringFromSelector","args":["setBackgroundColor:"]}
{"time":"2024-4-17 0:23:26:398","lib":"Foundation","func":"NSSelectorFromString","args":["_UIAppearance_setBackgroundColor:"]}
{"time":"2024-4-17 0:23:26:543","lib":"Foundation","func":"NSStringFromSelector","args":["setBackgroundColor:"]}
{"time":"2024-4-17 0:23:26:688","lib":"Foundation","func":"NSStringFromSelector","args":["setBackgroundColor:"]}
{"time":"2024-4-17 0:23:26:833","lib":"Foundation","func":"NSSelectorFromString","args":["_UIAppearance_setBackgroundColor:"]}
{"time":"2024-4-17 0:23:26:978","lib":"Foundation","func":"NSStringFromSelector","args":["setBackgroundColor:"]}
{"time":"2024-4-17 0:23:27:123","lib":"Foundation","func":"NSStringFromSelector","args":["setBackgroundColor:"]}
{"time":"2024-4-17 0:23:27:268","lib":"Foundation","func":"NSStringFromSelector","args":["setBackgroundColor:"]}
{"time":"2024-4-17 0:23:27:414","lib":"Foundation","func":"NSSelectorFromString","args":["_UIAppearance_setBackgroundColor:"]}
{"time":"2024-4-17 0:23:27:559","lib":"Foundation","func":"NSStringFromSelector","args":["setBackgroundColor:"]}
{"time":"2024-4-17 0:23:27:704","lib":"Foundation","func":"NSStringFromSelector","args":["setBackgroundColor:"]}
{"time":"2024-4-17 0:23:27:851","lib":"Foundation","func":"NSSelectorFromString","args":["_UIAppearance_setBackgroundColor:"]}
{"time":"2024-4-17 0:23:27:997","lib":"Foundation","func":"NSStringFromSelector","args":["setBackgroundColor:"]}
{"time":"2024-4-17 0:23:28:143","lib":"Foundation","func":"NSStringFromSelector","args":["setBackgroundColor:"]}
{"time":"2024-4-17 0:23:28:289","lib":"Foundation","func":"NSStringFromSelector","args":["setBackgroundColor:"]}
{"time":"2024-4-17 0:23:28:442","lib":"Foundation","func":"NSSelectorFromString","args":["_UIAppearance_setBackgroundColor:"]}
{"time":"2024-4-17 0:23:28:592","lib":"Foundation","func":"NSStringFromSelector","args":["setBackgroundColor:"]}
{"time":"2024-4-17 0:23:28:738","lib":"Foundation","func":"NSStringFromSelector","args":["setBackgroundColor:"]}
{"time":"2024-4-17 0:23:28:885","lib":"Foundation","func":"NSSelectorFromString","args":["_UIAppearance_setBackgroundColor:"]}
{"time":"2024-4-17 0:23:29:30","lib":"Foundation","func":"NSStringFromSelector","args":["setBackgroundColor:"]}
{"time":"2024-4-17 0:23:29:177","lib":"NSNotificationCenter","func":"- addObserver:selector:name:object:","args":["0x3c85a20c6f8939","addObserver:selector:name:object:","0x5a20c72ad47","_accessibilityButtonShapesChangedNotification:","0x20a2b0fd8",null]}
{"time":"2024-4-17 0:23:29:322","lib":"Foundation","func":"NSStringFromSelector","args":["setBackgroundColor:"]}
{"time":"2024-4-17 0:23:29:468","lib":"Foundation","func":"NSStringFromSelector","args":["setBackgroundColor:"]}
{"time":"2024-4-17 0:23:29:615","lib":"Foundation","func":"NSSelectorFromString","args":["_UIAppearance_setBackgroundColor:"]}
{"time":"2024-4-17 0:23:29:763","lib":"Foundation","func":"NSStringFromSelector","args":["setBackgroundColor:"]}
{"time":"2024-4-17 0:23:29:908","lib":"Foundation","func":"NSStringFromSelector","args":["setBackgroundColor:"]}
{"time":"2024-4-17 0:23:30:57","lib":"Foundation","func":"NSSelectorFromString","args":["_UIAppearance_setBackgroundColor:"]}
{"time":"2024-4-17 0:23:30:202","lib":"Foundation","func":"NSStringFromSelector","args":["setBackgroundColor:"]}
{"time":"2024-4-17 0:23:30:350","lib":"NSNotificationCenter","func":"- addObserver:selector:name:object:","args":["0x3c85a20c6f8939","addObserver:selector:name:object:","0x5a105bb041f","_increaseContrastSettingChanged:","0x20a2b0fd8",null]}
{"time":"2024-4-17 0:23:30:498","lib":"NSNotificationCenter","func":"- addObserver:selector:name:object:","args":["0x3c85a20c6f8939","addObserver:selector:name:object:","0x5a105bb041f","_increaseContrastSettingChanged:","0x20a2b0fd8",null]}
{"time":"2024-4-17 0:23:30:829","lib":"Foundation","func":"NSStringFromSelector","args":["setBackgroundColor:"]}
{"time":"2024-4-17 0:23:31:159","lib":"Foundation","func":"NSStringFromSelector","args":["setBackgroundColor:"]}
{"time":"2024-4-17 0:23:31:487","lib":"Foundation","func":"NSSelectorFromString","args":["_UIAppearance_setBackgroundColor:"]}
{"time":"2024-4-17 0:23:31:821","lib":"Foundation","func":"NSStringFromSelector","args":["setBackgroundColor:"]}
{"time":"2024-4-17 0:23:32:152","lib":"Foundation","func":"NSStringFromSelector","args":["setBackgroundColor:"]}
{"time":"2024-4-17 0:23:32:483","lib":"Foundation","func":"NSSelectorFromString","args":["_UIAppearance_setBackgroundColor:"]}
{"time":"2024-4-17 0:23:32:812","lib":"Foundation","func":"NSStringFromSelector","args":["setBackgroundColor:"]}
{"time":"2024-4-17 0:23:33:141","lib":"NSNotificationCenter","func":"- addObserver:selector:name:object:","args":["0x3c85a20c6f8939","addObserver:selector:name:object:","0x5a105c2eec7","_accessibilityButtonShapesChangedNotification:","0x20a2b0fd8",null]}
{"time":"2024-4-17 0:23:33:361","lib":"Foundation","func":"NSStringFromSelector","args":["setBackgroundColor:"]}
{"time":"2024-4-17 0:23:33:581","lib":"Foundation","func":"NSStringFromSelector","args":["setBackgroundColor:"]}
{"time":"2024-4-17 0:23:33:802","lib":"Foundation","func":"NSSelectorFromString","args":["_UIAppearance_setBackgroundColor:"]}
{"time":"2024-4-17 0:23:34:23","lib":"Foundation","func":"NSStringFromSelector","args":["setBackgroundColor:"]}
{"time":"2024-4-17 0:23:34:241","lib":"Foundation","func":"NSStringFromSelector","args":["setBackgroundColor:"]}
{"time":"2024-4-17 0:23:34:464","lib":"Foundation","func":"NSSelectorFromString","args":["_UIAppearance_setBackgroundColor:"]}
{"time":"2024-4-17 0:23:34:686","lib":"Foundation","func":"NSStringFromSelector","args":["setBackgroundColor:"]}
{"time":"2024-4-17 0:23:34:905","lib":"NSNotificationCenter","func":"- addObserver:selector:name:object:","args":["0x3c85a20c6f8939","addObserver:selector:name:object:","0x5a20c72caf7","_accessibilityButtonShapesChangedNotification:","0x20a2b0fd8",null]}
{"time":"2024-4-17 0:23:35:125","lib":"Foundation","func":"NSStringFromSelector","args":["setBackgroundColor:"]}
{"time":"2024-4-17 0:23:35:345","lib":"Foundation","func":"NSStringFromSelector","args":["setBackgroundColor:"]}
{"time":"2024-4-17 0:23:35:566","lib":"Foundation","func":"NSSelectorFromString","args":["_UIAppearance_setBackgroundColor:"]}
{"time":"2024-4-17 0:23:35:788","lib":"Foundation","func":"NSStringFromSelector","args":["setBackgroundColor:"]}
{"time":"2024-4-17 0:23:36:7","lib":"Foundation","func":"NSStringFromSelector","args":["setBackgroundColor:"]}
{"time":"2024-4-17 0:23:36:228","lib":"Foundation","func":"NSSelectorFromString","args":["_UIAppearance_setBackgroundColor:"]}
{"time":"2024-4-17 0:23:36:447","lib":"Foundation","func":"NSStringFromSelector","args":["setBackgroundColor:"]}
{"time":"2024-4-17 0:23:36:667","lib":"NSNotificationCenter","func":"- addObserver:selector:name:object:","args":["0x3c85a20c6f8939","addObserver:selector:name:object:","0x5a20c72caf7","_accessibilityButtonShapesChangedNotification:","0x20a2b0fd8",null]}
{"time":"2024-4-17 0:23:36:886","lib":"Foundation","func":"NSStringFromSelector","args":["setBackgroundColor:"]}
{"time":"2024-4-17 0:23:37:105","lib":"Foundation","func":"NSStringFromSelector","args":["setBackgroundColor:"]}
{"time":"2024-4-17 0:23:37:324","lib":"Foundation","func":"NSSelectorFromString","args":["_UIAppearance_setBackgroundColor:"]}
{"time":"2024-4-17 0:23:37:543","lib":"Foundation","func":"NSStringFromSelector","args":["setBackgroundColor:"]}
{"time":"2024-4-17 0:23:37:762","lib":"Foundation","func":"NSStringFromSelector","args":["setBackgroundColor:"]}
{"time":"2024-4-17 0:23:37:982","lib":"Foundation","func":"NSSelectorFromString","args":["_UIAppearance_setBackgroundColor:"]}
{"time":"2024-4-17 0:23:38:203","lib":"Foundation","func":"NSStringFromSelector","args":["setBackgroundColor:"]}
{"time":"2024-4-17 0:23:38:422","lib":"NSNotificationCenter","func":"- addObserver:selector:name:object:","args":["0x3c85a20c6f8939","addObserver:selector:name:object:","0x5a20c72caf7","_accessibilityButtonShapesChangedNotification:","0x20a2b0fd8",null]}
{"time":"2024-4-17 0:23:38:535","lib":"Foundation","func":"NSClassFromString","args":["_TtC11DefenceBank17FUSLinedTextField"]}
{"time":"2024-4-17 0:23:38:653","lib":"Foundation","func":"NSClassFromString","args":["UITextField"]}
{"time":"2024-4-17 0:23:38:803","lib":"Foundation","func":"NSStringFromSelector","args":["setBackgroundColor:"]}
{"time":"2024-4-17 0:23:38:948","lib":"Foundation","func":"NSStringFromSelector","args":["setBackgroundColor:"]}
{"time":"2024-4-17 0:23:39:96","lib":"Foundation","func":"NSSelectorFromString","args":["_UIAppearance_setBackgroundColor:"]}
{"time":"2024-4-17 0:23:39:241","lib":"Foundation","func":"NSStringFromSelector","args":["setBackgroundColor:"]}
{"time":"2024-4-17 0:23:39:386","lib":"Foundation","func":"NSStringFromSelector","args":["setBackgroundColor:"]}
{"time":"2024-4-17 0:23:39:533","lib":"Foundation","func":"NSSelectorFromString","args":["_UIAppearance_setBackgroundColor:"]}
{"time":"2024-4-17 0:23:39:681","lib":"Foundation","func":"NSStringFromSelector","args":["setBackgroundColor:"]}
{"time":"2024-4-17 0:23:39:828","lib":"Foundation","func":"NSStringFromSelector","args":["setBackgroundColor:"]}
{"time":"2024-4-17 0:23:39:973","lib":"Foundation","func":"NSStringFromSelector","args":["setBackgroundColor:"]}
{"time":"2024-4-17 0:23:40:119","lib":"Foundation","func":"NSSelectorFromString","args":["_UIAppearance_setBackgroundColor:"]}
{"time":"2024-4-17 0:23:40:264","lib":"Foundation","func":"NSStringFromSelector","args":["setBackgroundColor:"]}
{"time":"2024-4-17 0:23:40:410","lib":"Foundation","func":"NSStringFromSelector","args":["setBackgroundColor:"]}
{"time":"2024-4-17 0:23:40:556","lib":"Foundation","func":"NSSelectorFromString","args":["_UIAppearance_setBackgroundColor:"]}
{"time":"2024-4-17 0:23:40:701","lib":"Foundation","func":"NSStringFromSelector","args":["setBackgroundColor:"]}
{"time":"2024-4-17 0:23:40:848","lib":"Foundation","func":"NSStringFromSelector","args":["setBackgroundColor:"]}
{"time":"2024-4-17 0:23:40:995","lib":"Foundation","func":"NSStringFromSelector","args":["setBackgroundColor:"]}
{"time":"2024-4-17 0:23:41:141","lib":"Foundation","func":"NSSelectorFromString","args":["_UIAppearance_setBackgroundColor:"]}
{"time":"2024-4-17 0:23:41:290","lib":"Foundation","func":"NSStringFromSelector","args":["setBackgroundColor:"]}
{"time":"2024-4-17 0:23:41:436","lib":"Foundation","func":"NSStringFromSelector","args":["setBackgroundColor:"]}
{"time":"2024-4-17 0:23:41:582","lib":"Foundation","func":"NSSelectorFromString","args":["_UIAppearance_setBackgroundColor:"]}
{"time":"2024-4-17 0:23:41:729","lib":"Foundation","func":"NSStringFromSelector","args":["setBackgroundColor:"]}
{"time":"2024-4-17 0:23:41:875","lib":"NSNotificationCenter","func":"- addObserver:selector:name:object:","args":["0x3c85a20c6f8939","addObserver:selector:name:object:","0x5a20c72ad47","_accessibilityButtonShapesChangedNotification:","0x20a2b0fd8",null]}
{"time":"2024-4-17 0:23:42:20","lib":"Foundation","func":"NSStringFromSelector","args":["setBackgroundColor:"]}
{"time":"2024-4-17 0:23:42:165","lib":"Foundation","func":"NSStringFromSelector","args":["setBackgroundColor:"]}
{"time":"2024-4-17 0:23:42:311","lib":"Foundation","func":"NSSelectorFromString","args":["_UIAppearance_setBackgroundColor:"]}
{"time":"2024-4-17 0:23:42:456","lib":"Foundation","func":"NSStringFromSelector","args":["setBackgroundColor:"]}
{"time":"2024-4-17 0:23:42:601","lib":"Foundation","func":"NSStringFromSelector","args":["setBackgroundColor:"]}
{"time":"2024-4-17 0:23:42:748","lib":"Foundation","func":"NSSelectorFromString","args":["_UIAppearance_setBackgroundColor:"]}
{"time":"2024-4-17 0:23:42:895","lib":"Foundation","func":"NSStringFromSelector","args":["setBackgroundColor:"]}
{"time":"2024-4-17 0:23:43:42","lib":"NSNotificationCenter","func":"- addObserver:selector:name:object:","args":["0x3c85a20c6f8939","addObserver:selector:name:object:","0x1a20c72b065","_textContainerDidChangeView:","0x20a2b0fd8","0x65a20c72af25"]}
{"time":"2024-4-17 0:23:43:190","lib":"NSNotificationCenter","func":"- addObserver:selector:name:object:","args":["0x3c85a20c6f8939","addObserver:selector:name:object:","0x5a20c72b065","_textStorageDidProcessEditing:","0x20a2b0fd8","0x21a20c72b1f5"]}
{"time":"2024-4-17 0:23:43:338","lib":"NSNotificationCenter","func":"- addObserver:selector:name:object:","args":["0x3c85a20c6f8939","addObserver:selector:name:object:","0x5a20c72b065","_resetShowingTextStyle:","0x20a2b0fd8",null]}
{"time":"2024-4-17 0:23:43:484","lib":"NSNotificationCenter","func":"- addObserver:selector:name:object:","args":["0x3c85a20c6f8939","addObserver:selector:name:object:","0x5a105bb041f","_increaseContrastSettingChanged:","0x20a2b0fd8",null]}
{"time":"2024-4-17 0:23:43:631","lib":"NSNotificationCenter","func":"- addObserver:selector:name:object:","args":["0x3c85a20c6f8939","addObserver:selector:name:object:","0x5a105bb041f","_increaseContrastSettingChanged:","0x20a2b0fd8",null]}
{"time":"2024-4-17 0:23:43:961","lib":"Foundation","func":"NSStringFromSelector","args":["setBackgroundColor:"]}
{"time":"2024-4-17 0:23:44:293","lib":"Foundation","func":"NSStringFromSelector","args":["setBackgroundColor:"]}
{"time":"2024-4-17 0:23:44:625","lib":"Foundation","func":"NSSelectorFromString","args":["_UIAppearance_setBackgroundColor:"]}
{"time":"2024-4-17 0:23:44:960","lib":"Foundation","func":"NSStringFromSelector","args":["setBackgroundColor:"]}
{"time":"2024-4-17 0:23:45:292","lib":"Foundation","func":"NSStringFromSelector","args":["setBackgroundColor:"]}
{"time":"2024-4-17 0:23:45:627","lib":"Foundation","func":"NSSelectorFromString","args":["_UIAppearance_setBackgroundColor:"]}
{"time":"2024-4-17 0:23:45:967","lib":"Foundation","func":"NSStringFromSelector","args":["setBackgroundColor:"]}
{"time":"2024-4-17 0:23:46:302","lib":"NSNotificationCenter","func":"- addObserver:selector:name:object:","args":["0x3c85a20c6f8939","addObserver:selector:name:object:","0x5a105c2eec7","_accessibilityButtonShapesChangedNotification:","0x20a2b0fd8",null]}
{"time":"2024-4-17 0:23:46:521","lib":"Foundation","func":"NSStringFromSelector","args":["setBackgroundColor:"]}
{"time":"2024-4-17 0:23:46:740","lib":"Foundation","func":"NSStringFromSelector","args":["setBackgroundColor:"]}
{"time":"2024-4-17 0:23:46:961","lib":"Foundation","func":"NSSelectorFromString","args":["_UIAppearance_setBackgroundColor:"]}
{"time":"2024-4-17 0:23:47:182","lib":"Foundation","func":"NSStringFromSelector","args":["setBackgroundColor:"]}
{"time":"2024-4-17 0:23:47:402","lib":"Foundation","func":"NSStringFromSelector","args":["setBackgroundColor:"]}
{"time":"2024-4-17 0:23:47:623","lib":"Foundation","func":"NSSelectorFromString","args":["_UIAppearance_setBackgroundColor:"]}
{"time":"2024-4-17 0:23:47:841","lib":"Foundation","func":"NSStringFromSelector","args":["setBackgroundColor:"]}
{"time":"2024-4-17 0:23:48:60","lib":"NSNotificationCenter","func":"- addObserver:selector:name:object:","args":["0x3c85a20c6f8939","addObserver:selector:name:object:","0x5a20c72caf7","_accessibilityButtonShapesChangedNotification:","0x20a2b0fd8",null]}
{"time":"2024-4-17 0:23:48:281","lib":"Foundation","func":"NSStringFromSelector","args":["setBackgroundColor:"]}
{"time":"2024-4-17 0:23:48:502","lib":"Foundation","func":"NSStringFromSelector","args":["setBackgroundColor:"]}
{"time":"2024-4-17 0:23:48:724","lib":"Foundation","func":"NSSelectorFromString","args":["_UIAppearance_setBackgroundColor:"]}
{"time":"2024-4-17 0:23:48:952","lib":"Foundation","func":"NSStringFromSelector","args":["setBackgroundColor:"]}
{"time":"2024-4-17 0:23:49:173","lib":"Foundation","func":"NSStringFromSelector","args":["setBackgroundColor:"]}
{"time":"2024-4-17 0:23:49:393","lib":"Foundation","func":"NSSelectorFromString","args":["_UIAppearance_setBackgroundColor:"]}
{"time":"2024-4-17 0:23:49:612","lib":"Foundation","func":"NSStringFromSelector","args":["setBackgroundColor:"]}
{"time":"2024-4-17 0:23:49:834","lib":"NSNotificationCenter","func":"- addObserver:selector:name:object:","args":["0x3c85a20c6f8939","addObserver:selector:name:object:","0x5a20c72caf7","_accessibilityButtonShapesChangedNotification:","0x20a2b0fd8",null]}
{"time":"2024-4-17 0:23:50:55","lib":"Foundation","func":"NSStringFromSelector","args":["setBackgroundColor:"]}
{"time":"2024-4-17 0:23:50:274","lib":"Foundation","func":"NSStringFromSelector","args":["setBackgroundColor:"]}
{"time":"2024-4-17 0:23:50:493","lib":"Foundation","func":"NSSelectorFromString","args":["_UIAppearance_setBackgroundColor:"]}
{"time":"2024-4-17 0:23:50:713","lib":"Foundation","func":"NSStringFromSelector","args":["setBackgroundColor:"]}
{"time":"2024-4-17 0:23:50:934","lib":"Foundation","func":"NSStringFromSelector","args":["setBackgroundColor:"]}
{"time":"2024-4-17 0:23:51:154","lib":"Foundation","func":"NSSelectorFromString","args":["_UIAppearance_setBackgroundColor:"]}
{"time":"2024-4-17 0:23:51:373","lib":"Foundation","func":"NSStringFromSelector","args":["setBackgroundColor:"]}
{"time":"2024-4-17 0:23:51:592","lib":"NSNotificationCenter","func":"- addObserver:selector:name:object:","args":["0x3c85a20c6f8939","addObserver:selector:name:object:","0x5a20c72caf7","_accessibilityButtonShapesChangedNotification:","0x20a2b0fd8",null]}
{"time":"2024-4-17 0:23:51:704","lib":"Foundation","func":"NSClassFromString","args":["_TtC11DefenceBank17FUSLinedTextField"]}
{"time":"2024-4-17 0:23:51:818","lib":"Foundation","func":"NSClassFromString","args":["UITextField"]}
{"time":"2024-4-17 0:23:51:966","lib":"Foundation","func":"NSStringFromSelector","args":["setBackgroundColor:"]}
{"time":"2024-4-17 0:23:52:112","lib":"Foundation","func":"NSStringFromSelector","args":["setBackgroundColor:"]}
{"time":"2024-4-17 0:23:52:258","lib":"Foundation","func":"NSSelectorFromString","args":["_UIAppearance_setBackgroundColor:"]}
{"time":"2024-4-17 0:23:52:403","lib":"Foundation","func":"NSStringFromSelector","args":["setBackgroundColor:"]}
{"time":"2024-4-17 0:23:52:549","lib":"Foundation","func":"NSStringFromSelector","args":["setBackgroundColor:"]}
{"time":"2024-4-17 0:23:52:695","lib":"Foundation","func":"NSSelectorFromString","args":["_UIAppearance_setBackgroundColor:"]}
{"time":"2024-4-17 0:23:52:841","lib":"Foundation","func":"NSStringFromSelector","args":["setBackgroundColor:"]}
{"time":"2024-4-17 0:23:52:987","lib":"Foundation","func":"NSStringFromSelector","args":["setBackgroundColor:"]}
{"time":"2024-4-17 0:23:53:133","lib":"Foundation","func":"NSStringFromSelector","args":["setBackgroundColor:"]}
{"time":"2024-4-17 0:23:53:279","lib":"Foundation","func":"NSSelectorFromString","args":["_UIAppearance_setBackgroundColor:"]}
{"time":"2024-4-17 0:23:53:427","lib":"Foundation","func":"NSStringFromSelector","args":["setBackgroundColor:"]}
{"time":"2024-4-17 0:23:53:573","lib":"Foundation","func":"NSStringFromSelector","args":["setBackgroundColor:"]}
{"time":"2024-4-17 0:23:53:719","lib":"Foundation","func":"NSSelectorFromString","args":["_UIAppearance_setBackgroundColor:"]}
{"time":"2024-4-17 0:23:53:864","lib":"Foundation","func":"NSStringFromSelector","args":["setBackgroundColor:"]}
{"time":"2024-4-17 0:23:54:9","lib":"Foundation","func":"NSStringFromSelector","args":["setBackgroundColor:"]}
{"time":"2024-4-17 0:23:54:155","lib":"Foundation","func":"NSStringFromSelector","args":["setBackgroundColor:"]}
{"time":"2024-4-17 0:23:54:301","lib":"Foundation","func":"NSSelectorFromString","args":["_UIAppearance_setBackgroundColor:"]}
{"time":"2024-4-17 0:23:54:447","lib":"Foundation","func":"NSStringFromSelector","args":["setBackgroundColor:"]}
{"time":"2024-4-17 0:23:54:594","lib":"Foundation","func":"NSStringFromSelector","args":["setBackgroundColor:"]}
{"time":"2024-4-17 0:23:54:742","lib":"Foundation","func":"NSSelectorFromString","args":["_UIAppearance_setBackgroundColor:"]}
{"time":"2024-4-17 0:23:54:887","lib":"Foundation","func":"NSStringFromSelector","args":["setBackgroundColor:"]}
{"time":"2024-4-17 0:23:55:33","lib":"NSNotificationCenter","func":"- addObserver:selector:name:object:","args":["0x3c85a20c6f8939","addObserver:selector:name:object:","0x5a20c72ad47","_accessibilityButtonShapesChangedNotification:","0x20a2b0fd8",null]}
{"time":"2024-4-17 0:23:55:178","lib":"Foundation","func":"NSStringFromSelector","args":["setBackgroundColor:"]}
{"time":"2024-4-17 0:23:55:325","lib":"Foundation","func":"NSStringFromSelector","args":["setBackgroundColor:"]}
{"time":"2024-4-17 0:23:55:472","lib":"Foundation","func":"NSSelectorFromString","args":["_UIAppearance_setBackgroundColor:"]}
{"time":"2024-4-17 0:23:55:616","lib":"Foundation","func":"NSStringFromSelector","args":["setBackgroundColor:"]}
{"time":"2024-4-17 0:23:55:761","lib":"Foundation","func":"NSStringFromSelector","args":["setBackgroundColor:"]}
{"time":"2024-4-17 0:23:55:906","lib":"Foundation","func":"NSSelectorFromString","args":["_UIAppearance_setBackgroundColor:"]}
{"time":"2024-4-17 0:23:56:52","lib":"Foundation","func":"NSStringFromSelector","args":["setBackgroundColor:"]}
{"time":"2024-4-17 0:23:56:199","lib":"NSNotificationCenter","func":"- addObserver:selector:name:object:","args":["0x3c85a20c6f8939","addObserver:selector:name:object:","0x1a20c72b065","_textContainerDidChangeView:","0x20a2b0fd8","0x65a20c72af25"]}
{"time":"2024-4-17 0:23:56:345","lib":"NSNotificationCenter","func":"- addObserver:selector:name:object:","args":["0x3c85a20c6f8939","addObserver:selector:name:object:","0x5a20c72b065","_textStorageDidProcessEditing:","0x20a2b0fd8","0x21a20c72b1f5"]}
{"time":"2024-4-17 0:23:56:489","lib":"NSNotificationCenter","func":"- addObserver:selector:name:object:","args":["0x3c85a20c6f8939","addObserver:selector:name:object:","0x5a20c72b065","_resetShowingTextStyle:","0x20a2b0fd8",null]}
{"time":"2024-4-17 0:23:56:634","lib":"NSNotificationCenter","func":"- addObserver:selector:name:object:","args":["0x3c85a20c6f8939","addObserver:selector:name:object:","0x5a105bb041f","_increaseContrastSettingChanged:","0x20a2b0fd8",null]}
{"time":"2024-4-17 0:23:56:779","lib":"NSNotificationCenter","func":"- addObserver:selector:name:object:","args":["0x3c85a20c6f8939","addObserver:selector:name:object:","0x5a105bb041f","_increaseContrastSettingChanged:","0x20a2b0fd8",null]}
{"time":"2024-4-17 0:23:57:106","lib":"Foundation","func":"NSStringFromSelector","args":["setBackgroundColor:"]}
{"time":"2024-4-17 0:23:57:436","lib":"Foundation","func":"NSStringFromSelector","args":["setBackgroundColor:"]}
{"time":"2024-4-17 0:23:57:767","lib":"Foundation","func":"NSSelectorFromString","args":["_UIAppearance_setBackgroundColor:"]}
{"time":"2024-4-17 0:23:57:908","lib":"Foundation","func":"NSSelectorFromString","args":["sceneID:updateWithSettingsDiff:transitionContext:completion:"]}
{"time":"2024-4-17 0:23:57:908","lib":"Foundation","func":"NSStringFromSelector","args":["sceneID:updateWithSettingsDiff:transitionContext:completion:"]}
{"time":"2024-4-17 0:23:57:908","lib":"Foundation","func":"NSClassFromString","args":["BSXPCServiceConnectionMessage"]}
{"time":"2024-4-17 0:23:57:909","lib":"Foundation","func":"NSClassFromString","args":["FBSSceneSettingsDiff"]}
{"time":"2024-4-17 0:23:57:909","lib":"Foundation","func":"NSClassFromString","args":["FBSSceneSettingsDiff"]}
{"time":"2024-4-17 0:23:57:910","lib":"Foundation","func":"NSClassFromString","args":["BSMutableSettings"]}
{"time":"2024-4-17 0:23:57:911","lib":"Foundation","func":"NSClassFromString","args":["BSSettingsDiff"]}
{"time":"2024-4-17 0:23:57:911","lib":"Foundation","func":"NSClassFromString","args":["BSMutableSettings"]}
{"time":"2024-4-17 0:23:57:912","lib":"Foundation","func":"NSClassFromString","args":["UIApplicationSceneSettings"]}
{"time":"2024-4-17 0:23:57:912","lib":"Foundation","func":"NSClassFromString","args":["UIApplicationSceneTransitionContext"]}
{"time":"2024-4-17 0:23:57:913","lib":"Foundation","func":"NSClassFromString","args":["UIApplicationSceneTransitionContext"]}
{"time":"2024-4-17 0:23:57:913","lib":"Foundation","func":"NSClassFromString","args":["BSMutableSettings"]}
{"time":"2024-4-17 0:23:57:914","lib":"Foundation","func":"NSClassFromString","args":["BSObjCMethod"]}
{"time":"2024-4-17 0:23:57:914","lib":"Foundation","func":"NSClassFromString","args":["NSObject"]}
{"time":"2024-4-17 0:23:58:98","lib":"Foundation","func":"NSStringFromSelector","args":["setBackgroundColor:"]}
{"time":"2024-4-17 0:23:58:423","lib":"Foundation","func":"NSStringFromSelector","args":["setBackgroundColor:"]}
{"time":"2024-4-17 0:23:58:749","lib":"Foundation","func":"NSSelectorFromString","args":["_UIAppearance_setBackgroundColor:"]}
{"time":"2024-4-17 0:23:59:84","lib":"Foundation","func":"NSStringFromSelector","args":["setBackgroundColor:"]}
{"time":"2024-4-17 0:23:59:413","lib":"NSNotificationCenter","func":"- addObserver:selector:name:object:","args":["0x3c85a20c6f8939","addObserver:selector:name:object:","0x5a105c2eec7","_accessibilityButtonShapesChangedNotification:","0x20a2b0fd8",null]}
{"time":"2024-4-17 0:23:59:633","lib":"Foundation","func":"NSStringFromSelector","args":["setBackgroundColor:"]}
{"time":"2024-4-17 0:23:59:851","lib":"Foundation","func":"NSStringFromSelector","args":["setBackgroundColor:"]}
{"time":"2024-4-17 0:24:0:74","lib":"Foundation","func":"NSSelectorFromString","args":["_UIAppearance_setBackgroundColor:"]}
{"time":"2024-4-17 0:24:0:291","lib":"Foundation","func":"NSStringFromSelector","args":["setBackgroundColor:"]}
{"time":"2024-4-17 0:24:0:510","lib":"Foundation","func":"NSStringFromSelector","args":["setBackgroundColor:"]}
{"time":"2024-4-17 0:24:0:729","lib":"Foundation","func":"NSSelectorFromString","args":["_UIAppearance_setBackgroundColor:"]}
{"time":"2024-4-17 0:24:0:945","lib":"Foundation","func":"NSStringFromSelector","args":["setBackgroundColor:"]}
{"time":"2024-4-17 0:24:1:163","lib":"NSNotificationCenter","func":"- addObserver:selector:name:object:","args":["0x3c85a20c6f8939","addObserver:selector:name:object:","0x5a20c72caf7","_accessibilityButtonShapesChangedNotification:","0x20a2b0fd8",null]}
{"time":"2024-4-17 0:24:1:382","lib":"Foundation","func":"NSStringFromSelector","args":["setBackgroundColor:"]}
{"time":"2024-4-17 0:24:1:599","lib":"Foundation","func":"NSStringFromSelector","args":["setBackgroundColor:"]}
{"time":"2024-4-17 0:24:1:817","lib":"Foundation","func":"NSSelectorFromString","args":["_UIAppearance_setBackgroundColor:"]}
{"time":"2024-4-17 0:24:2:35","lib":"Foundation","func":"NSStringFromSelector","args":["setBackgroundColor:"]}
{"time":"2024-4-17 0:24:2:250","lib":"Foundation","func":"NSStringFromSelector","args":["setBackgroundColor:"]}
{"time":"2024-4-17 0:24:2:467","lib":"Foundation","func":"NSSelectorFromString","args":["_UIAppearance_setBackgroundColor:"]}
{"time":"2024-4-17 0:24:2:685","lib":"Foundation","func":"NSStringFromSelector","args":["setBackgroundColor:"]}
{"time":"2024-4-17 0:24:2:902","lib":"NSNotificationCenter","func":"- addObserver:selector:name:object:","args":["0x3c85a20c6f8939","addObserver:selector:name:object:","0x5a20c72caf7","_accessibilityButtonShapesChangedNotification:","0x20a2b0fd8",null]}
{"time":"2024-4-17 0:24:3:121","lib":"Foundation","func":"NSStringFromSelector","args":["setBackgroundColor:"]}
{"time":"2024-4-17 0:24:3:337","lib":"Foundation","func":"NSStringFromSelector","args":["setBackgroundColor:"]}
{"time":"2024-4-17 0:24:3:556","lib":"Foundation","func":"NSSelectorFromString","args":["_UIAppearance_setBackgroundColor:"]}
{"time":"2024-4-17 0:24:3:774","lib":"Foundation","func":"NSStringFromSelector","args":["setBackgroundColor:"]}
{"time":"2024-4-17 0:24:3:992","lib":"Foundation","func":"NSStringFromSelector","args":["setBackgroundColor:"]}
{"time":"2024-4-17 0:24:4:211","lib":"Foundation","func":"NSSelectorFromString","args":["_UIAppearance_setBackgroundColor:"]}
{"time":"2024-4-17 0:24:4:429","lib":"Foundation","func":"NSStringFromSelector","args":["setBackgroundColor:"]}
{"time":"2024-4-17 0:24:4:652","lib":"NSNotificationCenter","func":"- addObserver:selector:name:object:","args":["0x3c85a20c6f8939","addObserver:selector:name:object:","0x5a20c72caf7","_accessibilityButtonShapesChangedNotification:","0x20a2b0fd8",null]}
{"time":"2024-4-17 0:24:4:763","lib":"Foundation","func":"NSClassFromString","args":["_TtC11DefenceBank14StylableUIView"]}
{"time":"2024-4-17 0:24:4:874","lib":"Foundation","func":"NSClassFromString","args":["UIView"]}
{"time":"2024-4-17 0:24:4:876","lib":"Foundation","func":"NSStringFromSelector","args":["setBackgroundColor:"]}
{"time":"2024-4-17 0:24:4:876","lib":"Foundation","func":"NSStringFromSelector","args":["setBackgroundColor:"]}
{"time":"2024-4-17 0:24:4:877","lib":"Foundation","func":"NSSelectorFromString","args":["_UIAppearance_setBackgroundColor:"]}
{"time":"2024-4-17 0:24:4:878","lib":"Foundation","func":"NSStringFromSelector","args":["setBackgroundColor:"]}
{"time":"2024-4-17 0:24:4:878","lib":"Foundation","func":"NSStringFromSelector","args":["setBackgroundColor:"]}
{"time":"2024-4-17 0:24:4:879","lib":"Foundation","func":"NSSelectorFromString","args":["_UIAppearance_setBackgroundColor:"]}
{"time":"2024-4-17 0:24:4:914","lib":"Foundation","func":"NSStringFromSelector","args":["setBackgroundColor:"]}
{"time":"2024-4-17 0:24:4:915","lib":"Foundation","func":"NSStringFromSelector","args":["setBackgroundColor:"]}
{"time":"2024-4-17 0:24:4:915","lib":"Foundation","func":"NSStringFromSelector","args":["setBackgroundColor:"]}
{"time":"2024-4-17 0:24:4:916","lib":"Foundation","func":"NSSelectorFromString","args":["_UIAppearance_setBackgroundColor:"]}
{"time":"2024-4-17 0:24:4:916","lib":"Foundation","func":"NSStringFromSelector","args":["setBackgroundColor:"]}
{"time":"2024-4-17 0:24:4:916","lib":"Foundation","func":"NSStringFromSelector","args":["setBackgroundColor:"]}
{"time":"2024-4-17 0:24:4:917","lib":"Foundation","func":"NSSelectorFromString","args":["_UIAppearance_setBackgroundColor:"]}
{"time":"2024-4-17 0:24:4:952","lib":"Foundation","func":"NSStringFromSelector","args":["setBackgroundColor:"]}
{"time":"2024-4-17 0:24:4:953","lib":"Foundation","func":"NSStringFromSelector","args":["setBackgroundColor:"]}
{"time":"2024-4-17 0:24:4:953","lib":"Foundation","func":"NSStringFromSelector","args":["setBackgroundColor:"]}
{"time":"2024-4-17 0:24:4:954","lib":"Foundation","func":"NSSelectorFromString","args":["_UIAppearance_setBackgroundColor:"]}
{"time":"2024-4-17 0:24:4:954","lib":"Foundation","func":"NSStringFromSelector","args":["setBackgroundColor:"]}
{"time":"2024-4-17 0:24:4:954","lib":"Foundation","func":"NSStringFromSelector","args":["setBackgroundColor:"]}
{"time":"2024-4-17 0:24:4:955","lib":"Foundation","func":"NSSelectorFromString","args":["_UIAppearance_setBackgroundColor:"]}
{"time":"2024-4-17 0:24:4:990","lib":"Foundation","func":"NSStringFromSelector","args":["setBackgroundColor:"]}
{"time":"2024-4-17 0:24:4:990","lib":"Foundation","func":"NSStringFromSelector","args":["setBackgroundColor:"]}
{"time":"2024-4-17 0:24:4:991","lib":"Foundation","func":"NSStringFromSelector","args":["setBackgroundColor:"]}
{"time":"2024-4-17 0:24:4:991","lib":"Foundation","func":"NSSelectorFromString","args":["_UIAppearance_setBackgroundColor:"]}
{"time":"2024-4-17 0:24:4:992","lib":"Foundation","func":"NSStringFromSelector","args":["setBackgroundColor:"]}
{"time":"2024-4-17 0:24:4:992","lib":"Foundation","func":"NSStringFromSelector","args":["setBackgroundColor:"]}
{"time":"2024-4-17 0:24:4:993","lib":"Foundation","func":"NSSelectorFromString","args":["_UIAppearance_setBackgroundColor:"]}
{"time":"2024-4-17 0:24:5:28","lib":"Foundation","func":"NSStringFromSelector","args":["setBackgroundColor:"]}
{"time":"2024-4-17 0:24:5:28","lib":"Foundation","func":"NSStringFromSelector","args":["setBackgroundColor:"]}
{"time":"2024-4-17 0:24:5:29","lib":"Foundation","func":"NSStringFromSelector","args":["setBackgroundColor:"]}
{"time":"2024-4-17 0:24:5:30","lib":"Foundation","func":"NSSelectorFromString","args":["_UIAppearance_setBackgroundColor:"]}
{"time":"2024-4-17 0:24:5:30","lib":"Foundation","func":"NSStringFromSelector","args":["setBackgroundColor:"]}
{"time":"2024-4-17 0:24:5:30","lib":"Foundation","func":"NSStringFromSelector","args":["setBackgroundColor:"]}
{"time":"2024-4-17 0:24:5:31","lib":"Foundation","func":"NSSelectorFromString","args":["_UIAppearance_setBackgroundColor:"]}
{"time":"2024-4-17 0:24:5:66","lib":"Foundation","func":"NSStringFromSelector","args":["setBackgroundColor:"]}
{"time":"2024-4-17 0:24:5:67","lib":"Foundation","func":"NSClassFromString","args":["_TtC11DefenceBank17FusionCustomLabel"]}
{"time":"2024-4-17 0:24:5:68","lib":"Foundation","func":"NSClassFromString","args":["UILabel"]}
{"time":"2024-4-17 0:24:5:137","lib":"NSNotificationCenter","func":"- addObserver:selector:name:object:","args":["0x3c85a20c6f8939","addObserver:selector:name:object:","0x1a105bbedaf","_accessibilityButtonShapesChangedNotification:","0x20a2b0fd8",null]}
{"time":"2024-4-17 0:24:5:138","lib":"Foundation","func":"NSStringFromSelector","args":["setBackgroundColor:"]}
{"time":"2024-4-17 0:24:5:138","lib":"Foundation","func":"NSStringFromSelector","args":["setBackgroundColor:"]}
{"time":"2024-4-17 0:24:5:139","lib":"Foundation","func":"NSSelectorFromString","args":["_UIAppearance_setBackgroundColor:"]}
{"time":"2024-4-17 0:24:5:139","lib":"Foundation","func":"NSStringFromSelector","args":["setBackgroundColor:"]}
{"time":"2024-4-17 0:24:5:140","lib":"Foundation","func":"NSStringFromSelector","args":["setBackgroundColor:"]}
{"time":"2024-4-17 0:24:5:140","lib":"Foundation","func":"NSSelectorFromString","args":["_UIAppearance_setBackgroundColor:"]}
{"time":"2024-4-17 0:24:5:175","lib":"Foundation","func":"NSStringFromSelector","args":["setBackgroundColor:"]}
{"time":"2024-4-17 0:24:5:211","lib":"Foundation","func":"NSStringFromSelector","args":["setBackgroundColor:"]}
{"time":"2024-4-17 0:24:5:245","lib":"Foundation","func":"NSStringFromSelector","args":["setBackgroundColor:"]}
{"time":"2024-4-17 0:24:5:280","lib":"Foundation","func":"NSSelectorFromString","args":["_UIAppearance_setBackgroundColor:"]}
{"time":"2024-4-17 0:24:5:316","lib":"Foundation","func":"NSStringFromSelector","args":["setBackgroundColor:"]}
{"time":"2024-4-17 0:24:5:350","lib":"Foundation","func":"NSStringFromSelector","args":["setBackgroundColor:"]}
{"time":"2024-4-17 0:24:5:385","lib":"Foundation","func":"NSSelectorFromString","args":["_UIAppearance_setBackgroundColor:"]}
{"time":"2024-4-17 0:24:5:420","lib":"Foundation","func":"NSStringFromSelector","args":["setBackgroundColor:"]}
{"time":"2024-4-17 0:24:5:455","lib":"Foundation","func":"NSStringFromSelector","args":["setBackgroundColor:"]}
{"time":"2024-4-17 0:24:5:490","lib":"Foundation","func":"NSStringFromSelector","args":["setBackgroundColor:"]}
{"time":"2024-4-17 0:24:5:525","lib":"Foundation","func":"NSSelectorFromString","args":["_UIAppearance_setBackgroundColor:"]}
{"time":"2024-4-17 0:24:5:560","lib":"Foundation","func":"NSStringFromSelector","args":["setBackgroundColor:"]}
{"time":"2024-4-17 0:24:5:595","lib":"Foundation","func":"NSStringFromSelector","args":["setBackgroundColor:"]}
{"time":"2024-4-17 0:24:5:630","lib":"Foundation","func":"NSSelectorFromString","args":["_UIAppearance_setBackgroundColor:"]}
{"time":"2024-4-17 0:24:5:665","lib":"Foundation","func":"NSStringFromSelector","args":["setBackgroundColor:"]}
{"time":"2024-4-17 0:24:5:885","lib":"Foundation","func":"NSStringFromSelector","args":["setBackgroundColor:"]}
{"time":"2024-4-17 0:24:6:106","lib":"Foundation","func":"NSStringFromSelector","args":["setBackgroundColor:"]}
{"time":"2024-4-17 0:24:6:332","lib":"Foundation","func":"NSSelectorFromString","args":["_UIAppearance_setBackgroundColor:"]}
{"time":"2024-4-17 0:24:6:557","lib":"Foundation","func":"NSStringFromSelector","args":["setBackgroundColor:"]}
{"time":"2024-4-17 0:24:6:777","lib":"Foundation","func":"NSStringFromSelector","args":["setBackgroundColor:"]}
{"time":"2024-4-17 0:24:6:997","lib":"Foundation","func":"NSSelectorFromString","args":["_UIAppearance_setBackgroundColor:"]}
{"time":"2024-4-17 0:24:7:253","lib":"Foundation","func":"NSStringFromSelector","args":["setBackgroundColor:"]}
{"time":"2024-4-17 0:24:7:546","lib":"NSNotificationCenter","func":"- addObserver:selector:name:object:","args":["0x3c85a20c6f8939","addObserver:selector:name:object:","0x5a20c71f357","_accessibilityButtonShapesChangedNotification:","0x20a2b0fd8",null]}
{"time":"2024-4-17 0:24:7:838","lib":"Foundation","func":"NSStringFromSelector","args":["setBackgroundColor:"]}
{"time":"2024-4-17 0:24:8:128","lib":"Foundation","func":"NSStringFromSelector","args":["setBackgroundColor:"]}
{"time":"2024-4-17 0:24:8:420","lib":"Foundation","func":"NSSelectorFromString","args":["_UIAppearance_setBackgroundColor:"]}
{"time":"2024-4-17 0:24:8:711","lib":"Foundation","func":"NSStringFromSelector","args":["setBackgroundColor:"]}
{"time":"2024-4-17 0:24:9:4","lib":"Foundation","func":"NSStringFromSelector","args":["setBackgroundColor:"]}
{"time":"2024-4-17 0:24:9:304","lib":"Foundation","func":"NSSelectorFromString","args":["_UIAppearance_setBackgroundColor:"]}
{"time":"2024-4-17 0:24:9:602","lib":"Foundation","func":"NSStringFromSelector","args":["setBackgroundColor:"]}
{"time":"2024-4-17 0:24:9:860","lib":"Foundation","func":"NSStringFromSelector","args":["setBackgroundColor:"]}
{"time":"2024-4-17 0:24:10:115","lib":"Foundation","func":"NSStringFromSelector","args":["setBackgroundColor:"]}
{"time":"2024-4-17 0:24:10:372","lib":"Foundation","func":"NSSelectorFromString","args":["_UIAppearance_setBackgroundColor:"]}
{"time":"2024-4-17 0:24:10:626","lib":"Foundation","func":"NSStringFromSelector","args":["setBackgroundColor:"]}
{"time":"2024-4-17 0:24:10:880","lib":"Foundation","func":"NSStringFromSelector","args":["setBackgroundColor:"]}
{"time":"2024-4-17 0:24:11:135","lib":"Foundation","func":"NSSelectorFromString","args":["_UIAppearance_setBackgroundColor:"]}
{"time":"2024-4-17 0:24:11:392","lib":"Foundation","func":"NSStringFromSelector","args":["setBackgroundColor:"]}
{"time":"2024-4-17 0:24:11:862","lib":"Foundation","func":"NSStringFromSelector","args":["setFont:"]}
{"time":"2024-4-17 0:24:12:333","lib":"Foundation","func":"NSStringFromSelector","args":["setFont:"]}
{"time":"2024-4-17 0:24:12:808","lib":"Foundation","func":"NSSelectorFromString","args":["_UIAppearance_setFont:"]}
{"time":"2024-4-17 0:24:12:819","lib":"Foundation","func":"NSSelectorFromString","args":["sceneID:updateWithSettingsDiff:transitionContext:completion:"]}
{"time":"2024-4-17 0:24:12:820","lib":"Foundation","func":"NSStringFromSelector","args":["sceneID:updateWithSettingsDiff:transitionContext:completion:"]}
{"time":"2024-4-17 0:24:12:820","lib":"Foundation","func":"NSClassFromString","args":["BSXPCServiceConnectionMessage"]}
{"time":"2024-4-17 0:24:12:821","lib":"Foundation","func":"NSClassFromString","args":["FBSSceneSettingsDiff"]}
{"time":"2024-4-17 0:24:12:822","lib":"Foundation","func":"NSClassFromString","args":["FBSSceneSettingsDiff"]}
{"time":"2024-4-17 0:24:12:822","lib":"Foundation","func":"NSClassFromString","args":["BSMutableSettings"]}
{"time":"2024-4-17 0:24:12:823","lib":"Foundation","func":"NSClassFromString","args":["BSSettingsDiff"]}
{"time":"2024-4-17 0:24:12:824","lib":"Foundation","func":"NSClassFromString","args":["BSMutableSettings"]}
{"time":"2024-4-17 0:24:12:824","lib":"Foundation","func":"NSClassFromString","args":["UIApplicationSceneSettings"]}
{"time":"2024-4-17 0:24:12:825","lib":"Foundation","func":"NSClassFromString","args":["UIApplicationSceneTransitionContext"]}
{"time":"2024-4-17 0:24:12:825","lib":"Foundation","func":"NSClassFromString","args":["UIApplicationSceneTransitionContext"]}
{"time":"2024-4-17 0:24:12:826","lib":"Foundation","func":"NSClassFromString","args":["BSMutableSettings"]}
{"time":"2024-4-17 0:24:12:826","lib":"Foundation","func":"NSClassFromString","args":["BSObjCMethod"]}
{"time":"2024-4-17 0:24:12:827","lib":"Foundation","func":"NSClassFromString","args":["NSObject"]}
{"time":"2024-4-17 0:24:13:56","lib":"Foundation","func":"NSSelectorFromString","args":["sceneID:updateWithSettingsDiff:transitionContext:completion:"]}
{"time":"2024-4-17 0:24:13:56","lib":"Foundation","func":"NSStringFromSelector","args":["sceneID:updateWithSettingsDiff:transitionContext:completion:"]}
{"time":"2024-4-17 0:24:13:57","lib":"Foundation","func":"NSClassFromString","args":["BSXPCServiceConnectionMessage"]}
{"time":"2024-4-17 0:24:13:57","lib":"Foundation","func":"NSClassFromString","args":["FBSSceneSettingsDiff"]}
{"time":"2024-4-17 0:24:13:58","lib":"Foundation","func":"NSClassFromString","args":["FBSSceneSettingsDiff"]}
{"time":"2024-4-17 0:24:13:58","lib":"Foundation","func":"NSClassFromString","args":["BSMutableSettings"]}
{"time":"2024-4-17 0:24:13:59","lib":"Foundation","func":"NSClassFromString","args":["BSSettingsDiff"]}
{"time":"2024-4-17 0:24:13:59","lib":"Foundation","func":"NSClassFromString","args":["BSMutableSettings"]}
{"time":"2024-4-17 0:24:13:60","lib":"Foundation","func":"NSClassFromString","args":["UIApplicationSceneSettings"]}
{"time":"2024-4-17 0:24:13:60","lib":"Foundation","func":"NSClassFromString","args":["UIApplicationSceneTransitionContext"]}
{"time":"2024-4-17 0:24:13:61","lib":"Foundation","func":"NSClassFromString","args":["UIApplicationSceneTransitionContext"]}
{"time":"2024-4-17 0:24:13:62","lib":"Foundation","func":"NSClassFromString","args":["BSMutableSettings"]}
{"time":"2024-4-17 0:24:13:62","lib":"Foundation","func":"NSClassFromString","args":["BSObjCMethod"]}
{"time":"2024-4-17 0:24:13:63","lib":"Foundation","func":"NSClassFromString","args":["NSObject"]}
{"time":"2024-4-17 0:24:13:287","lib":"Foundation","func":"NSStringFromSelector","args":["setFont:"]}
