{"time":"2023-4-10 14:48:20:714","lib":"Infoplist","func":"CFBundleURLTypes","args":"prefs://"}
{"time":"2023-4-10 14:48:20:715","lib":"Infoplist","func":"CFBundleURLTypes","args":"smbcintgapp://"}
{"time":"2023-4-10 14:48:26:636","lib":"Foundation","func":"NSSelectorFromString","args":["sceneID:updateWithSettingsDiff:transitionContext:completion:"]}
{"time":"2023-4-10 14:48:26:638","lib":"Foundation","func":"NSStringFromSelector","args":["sceneID:updateWithSettingsDiff:transitionContext:completion:"]}
{"time":"2023-4-10 14:48:26:639","lib":"Foundation","func":"NSClassFromString","args":["BSXPCServiceConnectionMessage"]}
{"time":"2023-4-10 14:48:26:640","lib":"Foundation","func":"NSClassFromString","args":["FBSSceneSettingsDiff"]}
{"time":"2023-4-10 14:48:26:641","lib":"Foundation","func":"NSClassFromString","args":["FBSSceneSettingsDiff"]}
{"time":"2023-4-10 14:48:26:643","lib":"Foundation","func":"NSClassFromString","args":["BSMutableSettings"]}
{"time":"2023-4-10 14:48:26:644","lib":"Foundation","func":"NSClassFromString","args":["BSSettingsDiff"]}
{"time":"2023-4-10 14:48:26:645","lib":"Foundation","func":"NSClassFromString","args":["BSMutableSettings"]}
{"time":"2023-4-10 14:48:26:646","lib":"Foundation","func":"NSClassFromString","args":["UIApplicationSceneSettings"]}
{"time":"2023-4-10 14:48:26:647","lib":"Foundation","func":"NSClassFromString","args":["UIApplicationSceneTransitionContext"]}
{"time":"2023-4-10 14:48:26:647","lib":"Foundation","func":"NSClassFromString","args":["UIApplicationSceneTransitionContext"]}
{"time":"2023-4-10 14:48:26:648","lib":"Foundation","func":"NSClassFromString","args":["BSMutableSettings"]}
{"time":"2023-4-10 14:48:26:649","lib":"Foundation","func":"NSClassFromString","args":["BSObjCMethod"]}
{"time":"2023-4-10 14:48:26:649","lib":"Foundation","func":"NSClassFromString","args":["NSObject"]}
{"time":"2023-4-10 14:48:26:651","lib":"Foundation","func":"NSSelectorFromString","args":["sceneID:updateWithSettingsDiff:transitionContext:completion:"]}
{"time":"2023-4-10 14:48:26:651","lib":"Foundation","func":"NSStringFromSelector","args":["sceneID:updateWithSettingsDiff:transitionContext:completion:"]}
{"time":"2023-4-10 14:48:26:652","lib":"Foundation","func":"NSClassFromString","args":["BSXPCServiceConnectionMessage"]}
{"time":"2023-4-10 14:48:26:652","lib":"Foundation","func":"NSClassFromString","args":["FBSSceneSettingsDiff"]}
{"time":"2023-4-10 14:48:26:653","lib":"Foundation","func":"NSClassFromString","args":["FBSSceneSettingsDiff"]}
{"time":"2023-4-10 14:48:26:653","lib":"Foundation","func":"NSClassFromString","args":["BSMutableSettings"]}
{"time":"2023-4-10 14:48:26:654","lib":"Foundation","func":"NSClassFromString","args":["BSSettingsDiff"]}
{"time":"2023-4-10 14:48:26:655","lib":"Foundation","func":"NSClassFromString","args":["BSMutableSettings"]}
{"time":"2023-4-10 14:48:26:655","lib":"Foundation","func":"NSClassFromString","args":["FBSSceneSettings"]}
{"time":"2023-4-10 14:48:26:655","lib":"Foundation","func":"NSClassFromString","args":["UIApplicationSceneSettings"]}
{"time":"2023-4-10 14:48:26:656","lib":"Foundation","func":"NSClassFromString","args":["UIApplicationSceneTransitionContext"]}
{"time":"2023-4-10 14:48:26:656","lib":"Foundation","func":"NSClassFromString","args":["UIApplicationSceneTransitionContext"]}
{"time":"2023-4-10 14:48:26:657","lib":"Foundation","func":"NSClassFromString","args":["BSMutableSettings"]}
{"time":"2023-4-10 14:48:26:657","lib":"Foundation","func":"NSClassFromString","args":["BSObjCMethod"]}
{"time":"2023-4-10 14:48:26:658","lib":"Foundation","func":"NSClassFromString","args":["NSObject"]}
{"time":"2023-4-10 14:48:26:659","lib":"Foundation","func":"NSClassFromString","args":["FBSSceneSettings"]}
{"time":"2023-4-10 14:48:29:20","lib":"Foundation","func":"NSStringFromSelector","args":["stopUpdatingLocation"]}
{"time":"2023-4-10 14:48:29:237","lib":"libcommonCrypto.dylib","func":"CC_MD5","args":["MGCopyAnswerProductVersion","26",""]}
{"time":"2023-4-10 14:48:29:408","lib":"NSURL","func":"+ URLWithString:","args":["https://gpskeeper.popinfo.jp/api/2.0/location/upsert/iphone/0336d4fe-b255-46dc-94ef-9fe2190a24f0/"]}
{"time":"2023-4-10 14:48:29:567","lib":"NSURL","func":"+ URLWithString:relativeToURL:","args":["https://gpskeeper.popinfo.jp/api/2.0/location/upsert/iphone/0336d4fe-b255-46dc-94ef-9fe2190a24f0/","nil"]}
{"time":"2023-4-10 14:48:29:786","lib":"libcommonCrypto.dylib","func":"CC_MD5","args":["MGCopyAnswerProductVersion","26",""]}
{"time":"2023-4-10 14:48:29:840","lib":"libboringssl.dylib","func":"SSL_CTX_set_custom_verify","args":["0x1dc63ea90","3","0xa9086ffcd10383ff"]}
{"time":"2023-4-10 14:48:29:879","lib":"libboringssl.dylib","func":"SSL_get_psk_identity","args":["0x1dc63ea90"]}
{"time":"2023-4-10 14:48:29:963","lib":"Foundation","func":"NSClassFromString","args":["UIApplication"]}
{"time":"2023-4-10 14:48:30:110","lib":"Foundation","func":"NSSelectorFromString","args":["sharedApplication"]}
{"time":"2023-4-10 14:48:30:283","lib":"libcommonCrypto.dylib","func":"CC_MD5","args":["MGCopyAnswermultitasking","24",""]}
{"time":"2023-4-10 14:48:30:505","lib":"Foundation","func":"NSClassFromString","args":["UIApplication"]}
{"time":"2023-4-10 14:48:30:726","lib":"Foundation","func":"NSClassFromString","args":["UIApplication"]}
{"time":"2023-4-10 14:48:30:764","lib":"Foundation","func":"NSSelectorFromString","args":["sharedApplication"]}
{"time":"2023-4-10 14:48:31:125","lib":"libcommonCrypto.dylib","func":"CC_MD5","args":["MGCopyAnswermultitasking","24",""]}
{"time":"2023-4-10 14:48:31:218","lib":"Foundation","func":"NSSelectorFromString","args":["sharedApplication"]}
{"time":"2023-4-10 14:48:31:667","lib":"Foundation","func":"NSClassFromString","args":["UIApplication"]}
{"time":"2023-4-10 14:48:32:91","lib":"Foundation","func":"NSClassFromString","args":["UIApplication"]}
{"time":"2023-4-10 14:48:32:164","lib":"Foundation","func":"NSSelectorFromString","args":["sharedApplication"]}
{"time":"2023-4-10 14:48:32:590","lib":"libcommonCrypto.dylib","func":"CC_MD5","args":["MGCopyAnswermultitasking","24",""]}
{"time":"2023-4-10 14:48:32:635","lib":"Foundation","func":"NSSelectorFromString","args":["sharedApplication"]}
{"time":"2023-4-10 14:48:32:963","lib":"Foundation","func":"NSClassFromString","args":["UIApplication"]}
{"time":"2023-4-10 14:48:33:411","lib":"Foundation","func":"NSClassFromString","args":["UIApplication"]}
{"time":"2023-4-10 14:48:33:480","lib":"Foundation","func":"NSSelectorFromString","args":["sharedApplication"]}
{"time":"2023-4-10 14:48:34:49","lib":"libcommonCrypto.dylib","func":"CC_MD5","args":["MGCopyAnswermultitasking","24",""]}
{"time":"2023-4-10 14:48:34:94","lib":"Foundation","func":"NSSelectorFromString","args":["sharedApplication"]}
{"time":"2023-4-10 14:48:34:366","lib":"Foundation","func":"NSClassFromString","args":["UIApplication"]}
{"time":"2023-4-10 14:48:34:652","lib":"Foundation","func":"NSSelectorFromString","args":["sharedApplication"]}
{"time":"2023-4-10 14:48:34:990","lib":"Foundation","func":"NSClassFromString","args":["UIButton"]}
{"time":"2023-4-10 14:48:34:991","lib":"Foundation","func":"NSClassFromString","args":["_UIButtonBarButton"]}
{"time":"2023-4-10 14:48:34:992","lib":"Foundation","func":"NSClassFromString","args":["UITabBarButton"]}
{"time":"2023-4-10 14:48:34:993","lib":"Foundation","func":"NSClassFromString","args":["UIToolbarButton"]}
{"time":"2023-4-10 14:48:34:994","lib":"Foundation","func":"NSClassFromString","args":["UITableViewCellDetailDisclosureView"]}
{"time":"2023-4-10 14:48:34:994","lib":"Foundation","func":"NSClassFromString","args":["UITableViewCellEditControl"]}
{"time":"2023-4-10 14:48:34:995","lib":"Foundation","func":"NSClassFromString","args":["UIPrinterSetupPINView"]}
{"time":"2023-4-10 14:48:34:995","lib":"Foundation","func":"NSClassFromString","args":["UITableViewCellReorderControl"]}
{"time":"2023-4-10 14:48:34:996","lib":"Foundation","func":"NSClassFromString","args":["UITableViewCellReorderControl"]}
{"time":"2023-4-10 14:48:34:996","lib":"Foundation","func":"NSClassFromString","args":["_UIActionSlider"]}
{"time":"2023-4-10 14:48:34:997","lib":"Foundation","func":"NSClassFromString","args":["UIStepper"]}
{"time":"2023-4-10 14:48:34:997","lib":"Foundation","func":"NSClassFromString","args":["UIPageControl"]}
{"time":"2023-4-10 14:48:34:998","lib":"Foundation","func":"NSClassFromString","args":["UITableViewIndex"]}
{"time":"2023-4-10 14:48:34:998","lib":"Foundation","func":"NSClassFromString","args":["UIPickerView"]}
{"time":"2023-4-10 14:48:34:999","lib":"Foundation","func":"NSClassFromString","args":["UISwitch"]}
{"time":"2023-4-10 14:48:35:0","lib":"Foundation","func":"NSClassFromString","args":["UISegmentedControl"]}
{"time":"2023-4-10 14:48:35:0","lib":"Foundation","func":"NSClassFromString","args":["UISlider"]}
{"time":"2023-4-10 14:48:35:1","lib":"Foundation","func":"NSClassFromString","args":["UIMovieScrubber"]}
{"time":"2023-4-10 14:48:35:212","lib":"Foundation","func":"NSLogv","args":["AdobeAnalytics event'eventEmpty': 'nil' "]}
{"time":"2023-4-10 14:48:35:514","lib":"Foundation","func":"NSClassFromString","args":["TKTokenAuthOperation"]}
{"time":"2023-4-10 14:48:35:795","lib":"Foundation","func":"NSClassFromString","args":["TKTokenAuthOperation"]}
{"time":"2023-4-10 14:48:36:67","lib":"Foundation","func":"NSClassFromString","args":["TKTokenAuthOperation"]}
{"time":"2023-4-10 14:48:36:341","lib":"Foundation","func":"NSClassFromString","args":["TKTokenAuthOperation"]}
{"time":"2023-4-10 14:48:36:703","lib":"libcommonCrypto.dylib","func":"CC_MD5","args":["MGCopyAnswerProductVersion","26","0x1e6937ff0"]}
{"time":"2023-4-10 14:48:36:981","lib":"Foundation","func":"NSClassFromString","args":["TKTokenAuthOperation"]}
{"time":"2023-4-10 14:48:37:264","lib":"Foundation","func":"NSClassFromString","args":["TKTokenAuthOperation"]}
{"time":"2023-4-10 14:48:37:539","lib":"Foundation","func":"NSClassFromString","args":["TKTokenAuthOperation"]}
{"time":"2023-4-10 14:48:37:821","lib":"Foundation","func":"NSClassFromString","args":["TKTokenAuthOperation"]}
{"time":"2023-4-10 14:48:38:188","lib":"libcommonCrypto.dylib","func":"CC_MD5","args":["MGCopyAnswerProductVersion","26","0x1e6937ff0"]}
{"time":"2023-4-10 14:48:38:743","lib":"libcommonCrypto.dylib","func":"CC_SHA1","args":["IOS","3",""]}
{"time":"2023-4-10 14:48:39:17","lib":"Foundation","func":"NSClassFromString","args":["TKTokenAuthOperation"]}
{"time":"2023-4-10 14:48:39:296","lib":"Foundation","func":"NSClassFromString","args":["TKTokenAuthOperation"]}
{"time":"2023-4-10 14:48:39:571","lib":"Foundation","func":"NSClassFromString","args":["TKTokenAuthOperation"]}
{"time":"2023-4-10 14:48:39:852","lib":"Foundation","func":"NSClassFromString","args":["TKTokenAuthOperation"]}
{"time":"2023-4-10 14:48:40:228","lib":"libcommonCrypto.dylib","func":"CC_MD5","args":["MGCopyAnswerProductVersion","26","0x1e6937ff0"]}
{"time":"2023-4-10 14:48:40:739","lib":"libcommonCrypto.dylib","func":"CC_SHA1","args":["DA ","3",""]}
{"time":"2023-4-10 14:48:41:58","lib":"Foundation","func":"NSClassFromString","args":["TKTokenAuthOperation"]}
{"time":"2023-4-10 14:48:41:380","lib":"Foundation","func":"NSClassFromString","args":["TKTokenAuthOperation"]}
{"time":"2023-4-10 14:48:41:742","lib":"Foundation","func":"NSClassFromString","args":["TKTokenAuthOperation"]}
{"time":"2023-4-10 14:48:42:112","lib":"Foundation","func":"NSClassFromString","args":["TKTokenAuthOperation"]}
{"time":"2023-4-10 14:48:42:601","lib":"libcommonCrypto.dylib","func":"CC_MD5","args":["MGCopyAnswerProductVersion","26","0x1e6937ff0"]}
{"time":"2023-4-10 14:48:42:977","lib":"Foundation","func":"NSClassFromString","args":["TKTokenAuthOperation"]}
{"time":"2023-4-10 14:48:43:357","lib":"Foundation","func":"NSClassFromString","args":["TKTokenAuthOperation"]}
{"time":"2023-4-10 14:48:43:732","lib":"Foundation","func":"NSClassFromString","args":["TKTokenAuthOperation"]}
{"time":"2023-4-10 14:48:43:910","lib":"Foundation","func":"NSSelectorFromString","args":["sceneID:updateWithSettingsDiff:transitionContext:completion:"]}
{"time":"2023-4-10 14:48:43:910","lib":"Foundation","func":"NSStringFromSelector","args":["sceneID:updateWithSettingsDiff:transitionContext:completion:"]}
{"time":"2023-4-10 14:48:43:910","lib":"Foundation","func":"NSClassFromString","args":["BSXPCServiceConnectionMessage"]}
{"time":"2023-4-10 14:48:43:922","lib":"Foundation","func":"NSClassFromString","args":["FBSSceneSettingsDiff"]}
{"time":"2023-4-10 14:48:43:923","lib":"Foundation","func":"NSClassFromString","args":["FBSSceneSettingsDiff"]}
{"time":"2023-4-10 14:48:43:924","lib":"Foundation","func":"NSClassFromString","args":["BSMutableSettings"]}
{"time":"2023-4-10 14:48:43:924","lib":"Foundation","func":"NSClassFromString","args":["BSSettingsDiff"]}
{"time":"2023-4-10 14:48:43:925","lib":"Foundation","func":"NSClassFromString","args":["BSMutableSettings"]}
{"time":"2023-4-10 14:48:43:925","lib":"Foundation","func":"NSClassFromString","args":["UIApplicationSceneSettings"]}
{"time":"2023-4-10 14:48:43:926","lib":"Foundation","func":"NSClassFromString","args":["UIApplicationSceneTransitionContext"]}
{"time":"2023-4-10 14:48:43:927","lib":"Foundation","func":"NSClassFromString","args":["UIApplicationSceneTransitionContext"]}
{"time":"2023-4-10 14:48:43:927","lib":"Foundation","func":"NSClassFromString","args":["BSMutableSettings"]}
{"time":"2023-4-10 14:48:43:928","lib":"Foundation","func":"NSClassFromString","args":["BSObjCMethod"]}
{"time":"2023-4-10 14:48:43:928","lib":"Foundation","func":"NSClassFromString","args":["NSObject"]}
{"time":"2023-4-10 14:48:44:117","lib":"Foundation","func":"NSClassFromString","args":["TKTokenAuthOperation"]}
{"time":"2023-4-10 14:48:44:554","lib":"Foundation","func":"NSSelectorFromString","args":["sceneID:updateWithSettingsDiff:transitionContext:completion:"]}
{"time":"2023-4-10 14:48:44:555","lib":"Foundation","func":"NSStringFromSelector","args":["sceneID:updateWithSettingsDiff:transitionContext:completion:"]}
{"time":"2023-4-10 14:48:44:555","lib":"Foundation","func":"NSClassFromString","args":["BSXPCServiceConnectionMessage"]}
{"time":"2023-4-10 14:48:44:556","lib":"Foundation","func":"NSClassFromString","args":["FBSSceneSettingsDiff"]}
{"time":"2023-4-10 14:48:44:556","lib":"Foundation","func":"NSClassFromString","args":["FBSSceneSettingsDiff"]}
{"time":"2023-4-10 14:48:44:557","lib":"Foundation","func":"NSClassFromString","args":["BSMutableSettings"]}
{"time":"2023-4-10 14:48:44:558","lib":"Foundation","func":"NSClassFromString","args":["BSSettingsDiff"]}
{"time":"2023-4-10 14:48:44:558","lib":"Foundation","func":"NSClassFromString","args":["BSMutableSettings"]}
{"time":"2023-4-10 14:48:44:559","lib":"Foundation","func":"NSClassFromString","args":["UIApplicationSceneSettings"]}
{"time":"2023-4-10 14:48:44:559","lib":"Foundation","func":"NSClassFromString","args":["UIApplicationSceneTransitionContext"]}
{"time":"2023-4-10 14:48:44:560","lib":"Foundation","func":"NSClassFromString","args":["UIApplicationSceneTransitionContext"]}
{"time":"2023-4-10 14:48:44:560","lib":"Foundation","func":"NSClassFromString","args":["BSMutableSettings"]}
{"time":"2023-4-10 14:48:44:561","lib":"Foundation","func":"NSClassFromString","args":["BSObjCMethod"]}
{"time":"2023-4-10 14:48:44:561","lib":"Foundation","func":"NSClassFromString","args":["NSObject"]}
{"time":"2023-4-10 14:48:44:587","lib":"libcommonCrypto.dylib","func":"CC_MD5","args":["MGCopyAnswerProductVersion","26","0x1e6937ff0"]}
{"time":"2023-4-10 14:48:45:292","lib":"libcommonCrypto.dylib","func":"CC_SHA1","args":["IOS","3",""]}
{"time":"2023-4-10 14:48:45:667","lib":"Foundation","func":"NSClassFromString","args":["TKTokenAuthOperation"]}
{"time":"2023-4-10 14:48:46:54","lib":"Foundation","func":"NSClassFromString","args":["TKTokenAuthOperation"]}
{"time":"2023-4-10 14:48:46:437","lib":"Foundation","func":"NSClassFromString","args":["TKTokenAuthOperation"]}
{"time":"2023-4-10 14:48:46:834","lib":"Foundation","func":"NSClassFromString","args":["TKTokenAuthOperation"]}
{"time":"2023-4-10 14:48:47:316","lib":"libcommonCrypto.dylib","func":"CC_MD5","args":["MGCopyAnswerProductVersion","26","0x1e6937ff0"]}
{"time":"2023-4-10 14:48:48:1","lib":"libcommonCrypto.dylib","func":"CC_SHA1","args":["DA ","3",""]}
{"time":"2023-4-10 14:48:48:393","lib":"Foundation","func":"NSClassFromString","args":["__SwiftValue"]}
{"time":"2023-4-10 14:48:48:449","lib":"NSNotificationCenter","func":"- addObserver:selector:name:object:","args":["0x341a1e6944939","addObserver:selector:name:object:","0x1a1e696ecad","didReceiveMemoryWarning:","0x1e44fcfd8","0x45a28223c367"]}
{"time":"2023-4-10 14:48:48:503","lib":"libSystem.B.dylib","func":"open","args":["/private/var/containers/Bundle/Application/E4F8EB23-D387-45ED-9225-B4A77E77FCC6/SMBC.app/Login.storyboardc/UIViewController-Fib-Kb-kT9.nib","0x0"]}
{"time":"2023-4-10 14:48:48:566","lib":"Foundation","func":"NSClassFromString","args":["_TtC4SMBC23LoginBankViewController"]}
{"time":"2023-4-10 14:48:48:620","lib":"Foundation","func":"NSClassFromString","args":["UIViewController"]}
{"time":"2023-4-10 14:48:49:14","lib":"Foundation","func":"NSStringFromSelector","args":["setBackgroundColor:"]}
{"time":"2023-4-10 14:48:49:404","lib":"Foundation","func":"NSStringFromSelector","args":["setBackgroundColor:"]}
{"time":"2023-4-10 14:48:49:797","lib":"Foundation","func":"NSSelectorFromString","args":["_UIAppearance_setBackgroundColor:"]}
{"time":"2023-4-10 14:48:50:183","lib":"Foundation","func":"NSStringFromSelector","args":["setBackgroundColor:"]}
{"time":"2023-4-10 14:48:50:583","lib":"Foundation","func":"NSStringFromSelector","args":["setBackgroundColor:"]}
{"time":"2023-4-10 14:48:51:43","lib":"Foundation","func":"NSSelectorFromString","args":["_UIAppearance_setBackgroundColor:"]}
{"time":"2023-4-10 14:48:51:432","lib":"Foundation","func":"NSStringFromSelector","args":["setBackgroundColor:"]}
{"time":"2023-4-10 14:48:51:808","lib":"Foundation","func":"NSStringFromSelector","args":["setBackgroundColor:"]}
{"time":"2023-4-10 14:48:52:199","lib":"Foundation","func":"NSStringFromSelector","args":["setBackgroundColor:"]}
{"time":"2023-4-10 14:48:52:571","lib":"Foundation","func":"NSSelectorFromString","args":["_UIAppearance_setBackgroundColor:"]}
{"time":"2023-4-10 14:48:52:959","lib":"Foundation","func":"NSStringFromSelector","args":["setBackgroundColor:"]}
{"time":"2023-4-10 14:48:53:328","lib":"Foundation","func":"NSStringFromSelector","args":["setBackgroundColor:"]}
{"time":"2023-4-10 14:48:53:699","lib":"Foundation","func":"NSSelectorFromString","args":["_UIAppearance_setBackgroundColor:"]}
{"time":"2023-4-10 14:48:54:129","lib":"Foundation","func":"NSStringFromSelector","args":["setBackgroundColor:"]}
{"time":"2023-4-10 14:48:54:510","lib":"NSNotificationCenter","func":"- addObserver:selector:name:object:","args":["0x341a1e6944939","addObserver:selector:name:object:","0x5a1077a9d2f","_accessibilityButtonShapesChangedNotification:","0x1e44fcfd8",null]}
{"time":"2023-4-10 14:48:54:829","lib":"Foundation","func":"NSStringFromSelector","args":["setBackgroundColor:"]}
{"time":"2023-4-10 14:48:55:158","lib":"Foundation","func":"NSStringFromSelector","args":["setBackgroundColor:"]}
{"time":"2023-4-10 14:48:55:481","lib":"Foundation","func":"NSSelectorFromString","args":["_UIAppearance_setBackgroundColor:"]}
{"time":"2023-4-10 14:48:55:815","lib":"Foundation","func":"NSStringFromSelector","args":["setBackgroundColor:"]}
{"time":"2023-4-10 14:48:56:152","lib":"Foundation","func":"NSStringFromSelector","args":["setBackgroundColor:"]}
{"time":"2023-4-10 14:48:56:497","lib":"Foundation","func":"NSSelectorFromString","args":["_UIAppearance_setBackgroundColor:"]}
{"time":"2023-4-10 14:48:56:873","lib":"Foundation","func":"NSStringFromSelector","args":["setBackgroundColor:"]}
{"time":"2023-4-10 14:48:57:162","lib":"Foundation","func":"NSStringFromSelector","args":["setBackgroundColor:"]}
{"time":"2023-4-10 14:48:57:432","lib":"Foundation","func":"NSStringFromSelector","args":["setBackgroundColor:"]}
{"time":"2023-4-10 14:48:57:704","lib":"Foundation","func":"NSSelectorFromString","args":["_UIAppearance_setBackgroundColor:"]}
{"time":"2023-4-10 14:48:57:977","lib":"Foundation","func":"NSStringFromSelector","args":["setBackgroundColor:"]}
{"time":"2023-4-10 14:48:58:256","lib":"Foundation","func":"NSStringFromSelector","args":["setBackgroundColor:"]}
{"time":"2023-4-10 14:48:58:526","lib":"Foundation","func":"NSSelectorFromString","args":["_UIAppearance_setBackgroundColor:"]}
{"time":"2023-4-10 14:48:58:797","lib":"Foundation","func":"NSStringFromSelector","args":["setBackgroundColor:"]}
{"time":"2023-4-10 14:48:59:140","lib":"NSNotificationCenter","func":"- addObserver:selector:name:object:","args":["0x341a1e6944939","addObserver:selector:name:object:","0x1a10780bec7","receivedFontSizeChanged:","0x1e69e5490",null]}
{"time":"2023-4-10 14:48:59:411","lib":"Foundation","func":"NSStringFromSelector","args":["setBackgroundColor:"]}
{"time":"2023-4-10 14:48:59:697","lib":"Foundation","func":"NSStringFromSelector","args":["setBackgroundColor:"]}
{"time":"2023-4-10 14:49:0:13","lib":"Foundation","func":"NSSelectorFromString","args":["_UIAppearance_setBackgroundColor:"]}
{"time":"2023-4-10 14:49:0:145","lib":"Foundation","func":"NSClassFromString","args":["UIApplication"]}
{"time":"2023-4-10 14:49:0:404","lib":"Foundation","func":"NSSelectorFromString","args":["sharedApplication"]}
{"time":"2023-4-10 14:49:0:447","lib":"Foundation","func":"NSStringFromSelector","args":["setBackgroundColor:"]}
{"time":"2023-4-10 14:49:0:758","lib":"libcommonCrypto.dylib","func":"CC_MD5","args":["MGCopyAnswermultitasking","24",""]}
{"time":"2023-4-10 14:49:0:932","lib":"Foundation","func":"NSStringFromSelector","args":["setBackgroundColor:"]}
{"time":"2023-4-10 14:49:1:148","lib":"Foundation","func":"NSClassFromString","args":["UIApplication"]}
{"time":"2023-4-10 14:49:1:371","lib":"Foundation","func":"NSClassFromString","args":["UIApplication"]}
{"time":"2023-4-10 14:49:1:541","lib":"Foundation","func":"NSSelectorFromString","args":["sharedApplication"]}
{"time":"2023-4-10 14:49:1:584","lib":"Foundation","func":"NSSelectorFromString","args":["_UIAppearance_setBackgroundColor:"]}
{"time":"2023-4-10 14:49:2:36","lib":"Foundation","func":"NSSelectorFromString","args":["sharedApplication"]}
{"time":"2023-4-10 14:49:2:74","lib":"libcommonCrypto.dylib","func":"CC_MD5","args":["MGCopyAnswermultitasking","24",""]}
{"time":"2023-4-10 14:49:2:249","lib":"Foundation","func":"NSStringFromSelector","args":["setBackgroundColor:"]}
{"time":"2023-4-10 14:49:2:423","lib":"Foundation","func":"NSClassFromString","args":["UIApplication"]}
{"time":"2023-4-10 14:49:2:742","lib":"Foundation","func":"NSClassFromString","args":["UIApplication"]}
{"time":"2023-4-10 14:49:2:824","lib":"Foundation","func":"NSSelectorFromString","args":["sharedApplication"]}
{"time":"2023-4-10 14:49:3:44","lib":"Foundation","func":"NSStringFromSelector","args":["setBackgroundColor:"]}
{"time":"2023-4-10 14:49:3:366","lib":"libcommonCrypto.dylib","func":"CC_MD5","args":["MGCopyAnswermultitasking","24",""]}
{"time":"2023-4-10 14:49:3:411","lib":"Foundation","func":"NSSelectorFromString","args":["sharedApplication"]}
{"time":"2023-4-10 14:49:3:759","lib":"Foundation","func":"NSClassFromString","args":["UIApplication"]}
{"time":"2023-4-10 14:49:3:851","lib":"Foundation","func":"NSStringFromSelector","args":["setBackgroundColor:"]}
{"time":"2023-4-10 14:49:4:77","lib":"Foundation","func":"NSClassFromString","args":["UIApplication"]}
{"time":"2023-4-10 14:49:4:166","lib":"Foundation","func":"NSSelectorFromString","args":["sharedApplication"]}
{"time":"2023-4-10 14:49:4:425","lib":"Foundation","func":"NSSelectorFromString","args":["sceneID:updateWithSettingsDiff:transitionContext:completion:"]}
{"time":"2023-4-10 14:49:4:425","lib":"Foundation","func":"NSStringFromSelector","args":["sceneID:updateWithSettingsDiff:transitionContext:completion:"]}
{"time":"2023-4-10 14:49:4:426","lib":"Foundation","func":"NSClassFromString","args":["BSXPCServiceConnectionMessage"]}
{"time":"2023-4-10 14:49:4:426","lib":"Foundation","func":"NSClassFromString","args":["FBSSceneSettingsDiff"]}
{"time":"2023-4-10 14:49:4:427","lib":"Foundation","func":"NSClassFromString","args":["FBSSceneSettingsDiff"]}
{"time":"2023-4-10 14:49:4:428","lib":"Foundation","func":"NSClassFromString","args":["BSMutableSettings"]}
{"time":"2023-4-10 14:49:4:428","lib":"Foundation","func":"NSClassFromString","args":["BSSettingsDiff"]}
{"time":"2023-4-10 14:49:4:429","lib":"Foundation","func":"NSClassFromString","args":["BSMutableSettings"]}
{"time":"2023-4-10 14:49:4:430","lib":"Foundation","func":"NSClassFromString","args":["UIApplicationSceneSettings"]}
{"time":"2023-4-10 14:49:4:430","lib":"Foundation","func":"NSClassFromString","args":["UIApplicationSceneTransitionContext"]}
{"time":"2023-4-10 14:49:4:446","lib":"Foundation","func":"NSClassFromString","args":["UIApplicationSceneTransitionContext"]}
{"time":"2023-4-10 14:49:4:447","lib":"Foundation","func":"NSClassFromString","args":["BSMutableSettings"]}
{"time":"2023-4-10 14:49:4:448","lib":"Foundation","func":"NSClassFromString","args":["BSObjCMethod"]}
{"time":"2023-4-10 14:49:4:448","lib":"Foundation","func":"NSClassFromString","args":["NSObject"]}
{"time":"2023-4-10 14:49:4:661","lib":"Foundation","func":"NSSelectorFromString","args":["_UIAppearance_setBackgroundColor:"]}
{"time":"2023-4-10 14:49:4:705","lib":"libcommonCrypto.dylib","func":"CC_MD5","args":["MGCopyAnswermultitasking","24",""]}
{"time":"2023-4-10 14:49:4:750","lib":"Foundation","func":"NSSelectorFromString","args":["sharedApplication"]}
{"time":"2023-4-10 14:49:5:206","lib":"Foundation","func":"NSClassFromString","args":["UIApplication"]}
{"time":"2023-4-10 14:49:5:249","lib":"Foundation","func":"NSStringFromSelector","args":["setBackgroundColor:"]}
{"time":"2023-4-10 14:49:5:679","lib":"Foundation","func":"NSSelectorFromString","args":["sharedApplication"]}
{"time":"2023-4-10 14:49:5:781","lib":"Foundation","func":"NSStringFromSelector","args":["setBackgroundColor:"]}
{"time":"2023-4-10 14:49:6:132","lib":"Foundation","func":"NSSelectorFromString","args":["_UIAppearance_setBackgroundColor:"]}
{"time":"2023-4-10 14:49:6:458","lib":"Foundation","func":"NSStringFromSelector","args":["setBackgroundColor:"]}
{"time":"2023-4-10 14:49:6:841","lib":"Foundation","func":"NSStringFromSelector","args":["setBackgroundColor:"]}
{"time":"2023-4-10 14:49:7:247","lib":"Foundation","func":"NSStringFromSelector","args":["setBackgroundColor:"]}
{"time":"2023-4-10 14:49:7:381","lib":"Foundation","func":"NSSelectorFromString","args":["sceneID:updateWithSettingsDiff:transitionContext:completion:"]}
{"time":"2023-4-10 14:49:7:382","lib":"Foundation","func":"NSStringFromSelector","args":["sceneID:updateWithSettingsDiff:transitionContext:completion:"]}
{"time":"2023-4-10 14:49:7:382","lib":"Foundation","func":"NSClassFromString","args":["BSXPCServiceConnectionMessage"]}
{"time":"2023-4-10 14:49:7:383","lib":"Foundation","func":"NSClassFromString","args":["FBSSceneSettingsDiff"]}
{"time":"2023-4-10 14:49:7:384","lib":"Foundation","func":"NSClassFromString","args":["FBSSceneSettingsDiff"]}
{"time":"2023-4-10 14:49:7:384","lib":"Foundation","func":"NSClassFromString","args":["BSMutableSettings"]}
{"time":"2023-4-10 14:49:7:385","lib":"Foundation","func":"NSClassFromString","args":["BSSettingsDiff"]}
{"time":"2023-4-10 14:49:7:386","lib":"Foundation","func":"NSClassFromString","args":["BSMutableSettings"]}
{"time":"2023-4-10 14:49:7:387","lib":"Foundation","func":"NSClassFromString","args":["UIApplicationSceneSettings"]}
{"time":"2023-4-10 14:49:7:387","lib":"Foundation","func":"NSClassFromString","args":["UIApplicationSceneTransitionContext"]}
{"time":"2023-4-10 14:49:7:388","lib":"Foundation","func":"NSClassFromString","args":["UIApplicationSceneTransitionContext"]}
{"time":"2023-4-10 14:49:7:389","lib":"Foundation","func":"NSClassFromString","args":["BSMutableSettings"]}
{"time":"2023-4-10 14:49:7:389","lib":"Foundation","func":"NSClassFromString","args":["BSObjCMethod"]}
{"time":"2023-4-10 14:49:7:390","lib":"Foundation","func":"NSClassFromString","args":["NSObject"]}
{"time":"2023-4-10 14:49:7:641","lib":"Foundation","func":"NSSelectorFromString","args":["_UIAppearance_setBackgroundColor:"]}
{"time":"2023-4-10 14:49:8:24","lib":"Foundation","func":"NSStringFromSelector","args":["setBackgroundColor:"]}
{"time":"2023-4-10 14:49:8:435","lib":"Foundation","func":"NSStringFromSelector","args":["setBackgroundColor:"]}
{"time":"2023-4-10 14:49:8:822","lib":"Foundation","func":"NSSelectorFromString","args":["_UIAppearance_setBackgroundColor:"]}
{"time":"2023-4-10 14:49:9:216","lib":"Foundation","func":"NSStringFromSelector","args":["setBackgroundColor:"]}
{"time":"2023-4-10 14:49:9:618","lib":"NSNotificationCenter","func":"- addObserver:selector:name:object:","args":["0x341a1e6944939","addObserver:selector:name:object:","0x5a1e6978af7","_accessibilityButtonShapesChangedNotification:","0x1e44fcfd8",null]}
{"time":"2023-4-10 14:49:10:21","lib":"Foundation","func":"NSStringFromSelector","args":["setBackgroundColor:"]}
{"time":"2023-4-10 14:49:10:414","lib":"Foundation","func":"NSStringFromSelector","args":["setBackgroundColor:"]}
{"time":"2023-4-10 14:49:10:806","lib":"Foundation","func":"NSSelectorFromString","args":["_UIAppearance_setBackgroundColor:"]}
{"time":"2023-4-10 14:49:11:190","lib":"Foundation","func":"NSStringFromSelector","args":["setBackgroundColor:"]}
{"time":"2023-4-10 14:49:11:614","lib":"Foundation","func":"NSStringFromSelector","args":["setBackgroundColor:"]}
{"time":"2023-4-10 14:49:12:23","lib":"Foundation","func":"NSSelectorFromString","args":["_UIAppearance_setBackgroundColor:"]}
{"time":"2023-4-10 14:49:12:431","lib":"Foundation","func":"NSStringFromSelector","args":["setBackgroundColor:"]}
{"time":"2023-4-10 14:49:12:841","lib":"NSNotificationCenter","func":"- addObserver:selector:name:object:","args":["0x341a1e6944939","addObserver:selector:name:object:","0x5a1e6978af7","_accessibilityButtonShapesChangedNotification:","0x1e44fcfd8",null]}
{"time":"2023-4-10 14:49:13:330","lib":"Foundation","func":"NSStringFromSelector","args":["setBackgroundColor:"]}
{"time":"2023-4-10 14:49:13:640","lib":"Foundation","func":"NSClassFromString","args":["NSFileManager"]}
{"time":"2023-4-10 14:49:13:853","lib":"Foundation","func":"NSStringFromSelector","args":["setBackgroundColor:"]}
{"time":"2023-4-10 14:49:14:338","lib":"Foundation","func":"NSSelectorFromString","args":["defaultManager"]}
{"time":"2023-4-10 14:49:14:382","lib":"Foundation","func":"NSSelectorFromString","args":["_UIAppearance_setBackgroundColor:"]}
{"time":"2023-4-10 14:49:14:906","lib":"Foundation","func":"NSStringFromSelector","args":["setBackgroundColor:"]}
{"time":"2023-4-10 14:49:15:42","lib":"Foundation","func":"NSSelectorFromString","args":["fileExistsAtPath:"]}
{"time":"2023-4-10 14:49:15:439","lib":"Foundation","func":"NSStringFromSelector","args":["setBackgroundColor:"]}
{"time":"2023-4-10 14:49:15:748","lib":"NSFileManager","func":"- fileExistsAtPath:","args":["/var/mobile/Containers/Data/Application/2ED62E50-BB02-44F1-B86F-9F21CB3CA0A5/Library/Application Support"]}
{"time":"2023-4-10 14:49:15:962","lib":"Foundation","func":"NSSelectorFromString","args":["_UIAppearance_setBackgroundColor:"]}
{"time":"2023-4-10 14:49:16:447","lib":"Foundation","func":"NSClassFromString","args":["NSFileManager"]}
{"time":"2023-4-10 14:49:16:491","lib":"Foundation","func":"NSStringFromSelector","args":["setBackgroundColor:"]}
{"time":"2023-4-10 14:49:17:145","lib":"Foundation","func":"NSSelectorFromString","args":["defaultManager"]}
{"time":"2023-4-10 14:49:17:188","lib":"Foundation","func":"NSStringFromSelector","args":["setBackgroundColor:"]}
{"time":"2023-4-10 14:49:17:853","lib":"Foundation","func":"NSSelectorFromString","args":["fileExistsAtPath:"]}
{"time":"2023-4-10 14:49:17:897","lib":"Foundation","func":"NSStringFromSelector","args":["setBackgroundColor:"]}
{"time":"2023-4-10 14:49:18:554","lib":"NSFileManager","func":"- fileExistsAtPath:","args":["/var/mobile/Containers/Data/Application/2ED62E50-BB02-44F1-B86F-9F21CB3CA0A5/Library/Application Support/Adjust"]}
{"time":"2023-4-10 14:49:18:598","lib":"Foundation","func":"NSSelectorFromString","args":["_UIAppearance_setBackgroundColor:"]}
{"time":"2023-4-10 14:49:19:82","lib":"libSystem.B.dylib","func":"open","args":["/private/var/mobile/Containers/Data/Application/2ED62E50-BB02-44F1-B86F-9F21CB3CA0A5/tmp/（SMBC正在存储文稿）/AdjustIoActivityState","0xa02"]}
{"time":"2023-4-10 14:49:19:296","lib":"Foundation","func":"NSStringFromSelector","args":["setBackgroundColor:"]}
{"time":"2023-4-10 14:49:19:517","lib":"Foundation","func":"NSClassFromString","args":["ATTrackingManager"]}
{"time":"2023-4-10 14:49:19:854","lib":"Foundation","func":"NSStringFromSelector","args":["setBackgroundColor:"]}
{"time":"2023-4-10 14:49:20:313","lib":"Foundation","func":"NSSelectorFromString","args":["_UIAppearance_setBackgroundColor:"]}
{"time":"2023-4-10 14:49:20:766","lib":"Foundation","func":"NSStringFromSelector","args":["setBackgroundColor:"]}
{"time":"2023-4-10 14:49:21:130","lib":"Foundation","func":"NSStringFromSelector","args":["setBackgroundColor:"]}
{"time":"2023-4-10 14:49:21:460","lib":"Foundation","func":"NSStringFromSelector","args":["setBackgroundColor:"]}
{"time":"2023-4-10 14:49:21:800","lib":"Foundation","func":"NSSelectorFromString","args":["_UIAppearance_setBackgroundColor:"]}
{"time":"2023-4-10 14:49:22:139","lib":"Foundation","func":"NSStringFromSelector","args":["setBackgroundColor:"]}
{"time":"2023-4-10 14:49:22:531","lib":"Foundation","func":"NSStringFromSelector","args":["setBackgroundColor:"]}
{"time":"2023-4-10 14:49:22:878","lib":"Foundation","func":"NSSelectorFromString","args":["_UIAppearance_setBackgroundColor:"]}
{"time":"2023-4-10 14:49:23:206","lib":"Foundation","func":"NSStringFromSelector","args":["setBackgroundColor:"]}
{"time":"2023-4-10 14:49:23:543","lib":"NSNotificationCenter","func":"- addObserver:selector:name:object:","args":["0x341a1e6944939","addObserver:selector:name:object:","0x5a1e696b357","_accessibilityButtonShapesChangedNotification:","0x1e44fcfd8",null]}
{"time":"2023-4-10 14:49:23:907","lib":"Foundation","func":"NSStringFromSelector","args":["setBackgroundColor:"]}
{"time":"2023-4-10 14:49:24:240","lib":"Foundation","func":"NSStringFromSelector","args":["setBackgroundColor:"]}
{"time":"2023-4-10 14:49:24:580","lib":"Foundation","func":"NSSelectorFromString","args":["_UIAppearance_setBackgroundColor:"]}
{"time":"2023-4-10 14:49:24:934","lib":"Foundation","func":"NSStringFromSelector","args":["setBackgroundColor:"]}
{"time":"2023-4-10 14:49:25:279","lib":"Foundation","func":"NSStringFromSelector","args":["setBackgroundColor:"]}
{"time":"2023-4-10 14:49:25:611","lib":"Foundation","func":"NSSelectorFromString","args":["_UIAppearance_setBackgroundColor:"]}
{"time":"2023-4-10 14:49:25:940","lib":"Foundation","func":"NSStringFromSelector","args":["setBackgroundColor:"]}
{"time":"2023-4-10 14:49:26:587","lib":"Foundation","func":"NSStringFromSelector","args":["setBackgroundColor:"]}
